2022-05-09 07:04:15,345 INFO    MainThread:3726 [internal.py:wandb_internal():90] W&B internal server running at pid: 3726, started at: 2022-05-09 07:04:15.344820
2022-05-09 07:04:15,350 INFO    WriterThread:3726 [datastore.py:open_for_write():75] open: /home/ubuntu/NLP-brain-biased-robustness/evaluation/wandb/run-20220509_070414-2m7zexwu/run-2m7zexwu.wandb
2022-05-09 07:04:15,355 DEBUG   SenderThread:3726 [sender.py:send():232] send: header
2022-05-09 07:04:15,355 DEBUG   SenderThread:3726 [sender.py:send():232] send: run
2022-05-09 07:04:15,564 DEBUG   HandlerThread:3726 [handler.py:handle_request():141] handle_request: check_version
2022-05-09 07:04:15,567 INFO    SenderThread:3726 [dir_watcher.py:__init__():197] watching files in: /home/ubuntu/NLP-brain-biased-robustness/evaluation/wandb/run-20220509_070414-2m7zexwu/files
2022-05-09 07:04:15,568 INFO    SenderThread:3726 [sender.py:_start_run_threads():811] run started: 2m7zexwu with start time 1652079854
2022-05-09 07:04:15,568 DEBUG   SenderThread:3726 [sender.py:send():232] send: summary
2022-05-09 07:04:15,568 INFO    SenderThread:3726 [sender.py:_save_file():948] saving file wandb-summary.json with policy end
2022-05-09 07:04:15,569 DEBUG   SenderThread:3726 [sender.py:send_request():246] send_request: check_version
2022-05-09 07:04:15,670 DEBUG   HandlerThread:3726 [handler.py:handle_request():141] handle_request: run_start
2022-05-09 07:04:15,695 DEBUG   HandlerThread:3726 [meta.py:__init__():35] meta init
2022-05-09 07:04:15,695 DEBUG   HandlerThread:3726 [meta.py:__init__():49] meta init done
2022-05-09 07:04:15,695 DEBUG   HandlerThread:3726 [meta.py:probe():209] probe
2022-05-09 07:04:15,713 DEBUG   HandlerThread:3726 [meta.py:_setup_git():199] setup git
2022-05-09 07:04:15,747 DEBUG   HandlerThread:3726 [meta.py:_setup_git():206] setup git done
2022-05-09 07:04:15,747 DEBUG   HandlerThread:3726 [meta.py:_save_pip():53] save pip
2022-05-09 07:04:15,748 DEBUG   HandlerThread:3726 [meta.py:_save_pip():67] save pip done
2022-05-09 07:04:15,748 DEBUG   HandlerThread:3726 [meta.py:probe():247] probe done
2022-05-09 07:04:15,756 DEBUG   SenderThread:3726 [sender.py:send():232] send: files
2022-05-09 07:04:15,756 INFO    SenderThread:3726 [sender.py:_save_file():948] saving file wandb-metadata.json with policy now
2022-05-09 07:04:15,777 DEBUG   HandlerThread:3726 [handler.py:handle_request():141] handle_request: stop_status
2022-05-09 07:04:15,778 DEBUG   SenderThread:3726 [sender.py:send_request():246] send_request: stop_status
2022-05-09 07:04:15,882 DEBUG   SenderThread:3726 [sender.py:send():232] send: telemetry
2022-05-09 07:04:16,137 DEBUG   HandlerThread:3726 [handler.py:handle_request():141] handle_request: pause
2022-05-09 07:04:16,137 INFO    HandlerThread:3726 [handler.py:handle_request_pause():695] stopping system metrics thread
2022-05-09 07:04:16,180 DEBUG   SenderThread:3726 [sender.py:send():232] send: stats
2022-05-09 07:04:16,223 INFO    Thread-11 :3726 [upload_job.py:push():132] Uploaded file /tmp/tmp0t2zf3axwandb/1r51k40n-wandb-metadata.json
2022-05-09 07:04:16,573 INFO    Thread-7  :3726 [dir_watcher.py:_on_file_created():244] file/dir created: /home/ubuntu/NLP-brain-biased-robustness/evaluation/wandb/run-20220509_070414-2m7zexwu/files/requirements.txt
2022-05-09 07:04:16,574 INFO    Thread-7  :3726 [dir_watcher.py:_on_file_created():244] file/dir created: /home/ubuntu/NLP-brain-biased-robustness/evaluation/wandb/run-20220509_070414-2m7zexwu/files/wandb-summary.json
2022-05-09 07:04:16,574 INFO    Thread-7  :3726 [dir_watcher.py:_on_file_created():244] file/dir created: /home/ubuntu/NLP-brain-biased-robustness/evaluation/wandb/run-20220509_070414-2m7zexwu/files/output.log
2022-05-09 07:04:16,574 INFO    Thread-7  :3726 [dir_watcher.py:_on_file_created():244] file/dir created: /home/ubuntu/NLP-brain-biased-robustness/evaluation/wandb/run-20220509_070414-2m7zexwu/files/wandb-metadata.json
2022-05-09 07:04:30,895 DEBUG   HandlerThread:3726 [handler.py:handle_request():141] handle_request: stop_status
2022-05-09 07:04:30,896 DEBUG   SenderThread:3726 [sender.py:send_request():246] send_request: stop_status
2022-05-09 07:04:46,009 DEBUG   HandlerThread:3726 [handler.py:handle_request():141] handle_request: stop_status
2022-05-09 07:04:46,010 DEBUG   SenderThread:3726 [sender.py:send_request():246] send_request: stop_status
2022-05-09 07:04:46,590 INFO    Thread-7  :3726 [dir_watcher.py:_on_file_modified():257] file/dir modified: /home/ubuntu/NLP-brain-biased-robustness/evaluation/wandb/run-20220509_070414-2m7zexwu/files/config.yaml
2022-05-09 07:05:01,146 DEBUG   HandlerThread:3726 [handler.py:handle_request():141] handle_request: stop_status
2022-05-09 07:05:01,146 DEBUG   SenderThread:3726 [sender.py:send_request():246] send_request: stop_status
2022-05-09 07:05:16,255 DEBUG   HandlerThread:3726 [handler.py:handle_request():141] handle_request: stop_status
2022-05-09 07:05:16,256 DEBUG   SenderThread:3726 [sender.py:send_request():246] send_request: stop_status
2022-05-09 07:05:31,368 DEBUG   HandlerThread:3726 [handler.py:handle_request():141] handle_request: stop_status
2022-05-09 07:05:31,369 DEBUG   SenderThread:3726 [sender.py:send_request():246] send_request: stop_status
2022-05-09 07:05:46,490 DEBUG   HandlerThread:3726 [handler.py:handle_request():141] handle_request: stop_status
2022-05-09 07:05:46,491 DEBUG   SenderThread:3726 [sender.py:send_request():246] send_request: stop_status
2022-05-09 07:06:01,605 DEBUG   HandlerThread:3726 [handler.py:handle_request():141] handle_request: stop_status
2022-05-09 07:06:01,606 DEBUG   SenderThread:3726 [sender.py:send_request():246] send_request: stop_status
2022-05-09 07:06:16,727 DEBUG   HandlerThread:3726 [handler.py:handle_request():141] handle_request: stop_status
2022-05-09 07:06:16,728 DEBUG   SenderThread:3726 [sender.py:send_request():246] send_request: stop_status
2022-05-09 07:06:31,849 DEBUG   HandlerThread:3726 [handler.py:handle_request():141] handle_request: stop_status
2022-05-09 07:06:31,850 DEBUG   SenderThread:3726 [sender.py:send_request():246] send_request: stop_status
2022-05-09 07:06:46,964 DEBUG   HandlerThread:3726 [handler.py:handle_request():141] handle_request: stop_status
2022-05-09 07:06:46,965 DEBUG   SenderThread:3726 [sender.py:send_request():246] send_request: stop_status
2022-05-09 07:07:02,078 DEBUG   HandlerThread:3726 [handler.py:handle_request():141] handle_request: stop_status
2022-05-09 07:07:02,078 DEBUG   SenderThread:3726 [sender.py:send_request():246] send_request: stop_status
2022-05-09 07:07:17,189 DEBUG   HandlerThread:3726 [handler.py:handle_request():141] handle_request: stop_status
2022-05-09 07:07:17,190 DEBUG   SenderThread:3726 [sender.py:send_request():246] send_request: stop_status
2022-05-09 07:07:32,303 DEBUG   HandlerThread:3726 [handler.py:handle_request():141] handle_request: stop_status
2022-05-09 07:07:32,304 DEBUG   SenderThread:3726 [sender.py:send_request():246] send_request: stop_status
2022-05-09 07:07:47,420 DEBUG   HandlerThread:3726 [handler.py:handle_request():141] handle_request: stop_status
2022-05-09 07:07:47,421 DEBUG   SenderThread:3726 [sender.py:send_request():246] send_request: stop_status
2022-05-09 07:08:02,533 DEBUG   HandlerThread:3726 [handler.py:handle_request():141] handle_request: stop_status
2022-05-09 07:08:02,534 DEBUG   SenderThread:3726 [sender.py:send_request():246] send_request: stop_status
2022-05-09 07:08:17,644 DEBUG   HandlerThread:3726 [handler.py:handle_request():141] handle_request: stop_status
2022-05-09 07:08:17,645 DEBUG   SenderThread:3726 [sender.py:send_request():246] send_request: stop_status
2022-05-09 07:08:32,762 DEBUG   HandlerThread:3726 [handler.py:handle_request():141] handle_request: stop_status
2022-05-09 07:08:32,762 DEBUG   SenderThread:3726 [sender.py:send_request():246] send_request: stop_status
2022-05-09 07:08:47,925 DEBUG   HandlerThread:3726 [handler.py:handle_request():141] handle_request: stop_status
2022-05-09 07:08:47,926 DEBUG   SenderThread:3726 [sender.py:send_request():246] send_request: stop_status
2022-05-09 07:09:03,062 DEBUG   HandlerThread:3726 [handler.py:handle_request():141] handle_request: stop_status
2022-05-09 07:09:03,063 DEBUG   SenderThread:3726 [sender.py:send_request():246] send_request: stop_status
2022-05-09 07:09:18,177 DEBUG   HandlerThread:3726 [handler.py:handle_request():141] handle_request: stop_status
2022-05-09 07:09:18,177 DEBUG   SenderThread:3726 [sender.py:send_request():246] send_request: stop_status
2022-05-09 07:09:33,290 DEBUG   HandlerThread:3726 [handler.py:handle_request():141] handle_request: stop_status
2022-05-09 07:09:33,291 DEBUG   SenderThread:3726 [sender.py:send_request():246] send_request: stop_status
2022-05-09 07:09:48,431 DEBUG   HandlerThread:3726 [handler.py:handle_request():141] handle_request: stop_status
2022-05-09 07:09:48,432 DEBUG   SenderThread:3726 [sender.py:send_request():246] send_request: stop_status
2022-05-09 07:10:03,550 DEBUG   HandlerThread:3726 [handler.py:handle_request():141] handle_request: stop_status
2022-05-09 07:10:03,551 DEBUG   SenderThread:3726 [sender.py:send_request():246] send_request: stop_status
2022-05-09 07:10:18,680 DEBUG   HandlerThread:3726 [handler.py:handle_request():141] handle_request: stop_status
2022-05-09 07:10:18,681 DEBUG   SenderThread:3726 [sender.py:send_request():246] send_request: stop_status
2022-05-09 07:10:33,795 DEBUG   HandlerThread:3726 [handler.py:handle_request():141] handle_request: stop_status
2022-05-09 07:10:33,796 DEBUG   SenderThread:3726 [sender.py:send_request():246] send_request: stop_status
2022-05-09 07:10:48,908 DEBUG   HandlerThread:3726 [handler.py:handle_request():141] handle_request: stop_status
2022-05-09 07:10:48,909 DEBUG   SenderThread:3726 [sender.py:send_request():246] send_request: stop_status
2022-05-09 07:11:04,026 DEBUG   HandlerThread:3726 [handler.py:handle_request():141] handle_request: stop_status
2022-05-09 07:11:04,027 DEBUG   SenderThread:3726 [sender.py:send_request():246] send_request: stop_status
2022-05-09 07:11:19,172 DEBUG   HandlerThread:3726 [handler.py:handle_request():141] handle_request: stop_status
2022-05-09 07:11:19,173 DEBUG   SenderThread:3726 [sender.py:send_request():246] send_request: stop_status
2022-05-09 07:11:34,288 DEBUG   HandlerThread:3726 [handler.py:handle_request():141] handle_request: stop_status
2022-05-09 07:11:34,289 DEBUG   SenderThread:3726 [sender.py:send_request():246] send_request: stop_status
2022-05-09 07:11:49,404 DEBUG   HandlerThread:3726 [handler.py:handle_request():141] handle_request: stop_status
2022-05-09 07:11:49,405 DEBUG   SenderThread:3726 [sender.py:send_request():246] send_request: stop_status
2022-05-09 07:12:04,524 DEBUG   HandlerThread:3726 [handler.py:handle_request():141] handle_request: stop_status
2022-05-09 07:12:04,525 DEBUG   SenderThread:3726 [sender.py:send_request():246] send_request: stop_status
2022-05-09 07:12:19,635 DEBUG   HandlerThread:3726 [handler.py:handle_request():141] handle_request: stop_status
2022-05-09 07:12:19,636 DEBUG   SenderThread:3726 [sender.py:send_request():246] send_request: stop_status
2022-05-09 07:12:24,994 DEBUG   HandlerThread:3726 [handler.py:handle_request():141] handle_request: resume
2022-05-09 07:12:24,994 INFO    HandlerThread:3726 [handler.py:handle_request_resume():686] starting system metrics thread
2022-05-09 07:12:26,915 INFO    Thread-7  :3726 [dir_watcher.py:_on_file_modified():257] file/dir modified: /home/ubuntu/NLP-brain-biased-robustness/evaluation/wandb/run-20220509_070414-2m7zexwu/files/output.log
2022-05-09 07:12:34,780 DEBUG   HandlerThread:3726 [handler.py:handle_request():141] handle_request: stop_status
2022-05-09 07:12:34,781 DEBUG   SenderThread:3726 [sender.py:send_request():246] send_request: stop_status
2022-05-09 07:12:49,916 DEBUG   HandlerThread:3726 [handler.py:handle_request():141] handle_request: stop_status
2022-05-09 07:12:49,916 DEBUG   SenderThread:3726 [sender.py:send_request():246] send_request: stop_status
2022-05-09 07:12:53,371 DEBUG   SenderThread:3726 [sender.py:send():232] send: stats
2022-05-09 07:13:05,071 DEBUG   HandlerThread:3726 [handler.py:handle_request():141] handle_request: stop_status
2022-05-09 07:13:05,071 DEBUG   SenderThread:3726 [sender.py:send_request():246] send_request: stop_status
2022-05-09 07:13:20,173 DEBUG   HandlerThread:3726 [handler.py:handle_request():141] handle_request: stop_status
2022-05-09 07:13:20,173 DEBUG   SenderThread:3726 [sender.py:send_request():246] send_request: stop_status
2022-05-09 07:13:23,757 DEBUG   SenderThread:3726 [sender.py:send():232] send: stats
2022-05-09 07:13:35,397 DEBUG   HandlerThread:3726 [handler.py:handle_request():141] handle_request: stop_status
2022-05-09 07:13:35,400 DEBUG   SenderThread:3726 [sender.py:send_request():246] send_request: stop_status
2022-05-09 07:13:50,498 DEBUG   HandlerThread:3726 [handler.py:handle_request():141] handle_request: pause
2022-05-09 07:13:50,499 INFO    HandlerThread:3726 [handler.py:handle_request_pause():695] stopping system metrics thread
2022-05-09 07:13:50,613 DEBUG   HandlerThread:3726 [handler.py:handle_request():141] handle_request: stop_status
2022-05-09 07:13:50,614 DEBUG   SenderThread:3726 [sender.py:send_request():246] send_request: stop_status
2022-05-09 07:13:50,725 DEBUG   SenderThread:3726 [sender.py:send():232] send: stats
2022-05-09 07:14:05,728 DEBUG   HandlerThread:3726 [handler.py:handle_request():141] handle_request: stop_status
2022-05-09 07:14:05,729 DEBUG   SenderThread:3726 [sender.py:send_request():246] send_request: stop_status
2022-05-09 07:14:20,842 DEBUG   HandlerThread:3726 [handler.py:handle_request():141] handle_request: stop_status
2022-05-09 07:14:20,843 DEBUG   SenderThread:3726 [sender.py:send_request():246] send_request: stop_status
2022-05-09 07:14:35,960 DEBUG   HandlerThread:3726 [handler.py:handle_request():141] handle_request: stop_status
2022-05-09 07:14:35,962 DEBUG   SenderThread:3726 [sender.py:send_request():246] send_request: stop_status
2022-05-09 07:14:51,078 DEBUG   HandlerThread:3726 [handler.py:handle_request():141] handle_request: stop_status
2022-05-09 07:14:51,079 DEBUG   SenderThread:3726 [sender.py:send_request():246] send_request: stop_status
2022-05-09 07:15:06,192 DEBUG   HandlerThread:3726 [handler.py:handle_request():141] handle_request: stop_status
2022-05-09 07:15:06,193 DEBUG   SenderThread:3726 [sender.py:send_request():246] send_request: stop_status
2022-05-09 07:15:21,323 DEBUG   HandlerThread:3726 [handler.py:handle_request():141] handle_request: stop_status
2022-05-09 07:15:21,324 DEBUG   SenderThread:3726 [sender.py:send_request():246] send_request: stop_status
2022-05-09 07:15:36,464 DEBUG   HandlerThread:3726 [handler.py:handle_request():141] handle_request: stop_status
2022-05-09 07:15:36,464 DEBUG   SenderThread:3726 [sender.py:send_request():246] send_request: stop_status
2022-05-09 07:15:51,590 DEBUG   HandlerThread:3726 [handler.py:handle_request():141] handle_request: stop_status
2022-05-09 07:15:51,591 DEBUG   SenderThread:3726 [sender.py:send_request():246] send_request: stop_status
2022-05-09 07:16:06,703 DEBUG   HandlerThread:3726 [handler.py:handle_request():141] handle_request: stop_status
2022-05-09 07:16:06,704 DEBUG   SenderThread:3726 [sender.py:send_request():246] send_request: stop_status
2022-05-09 07:16:21,844 DEBUG   HandlerThread:3726 [handler.py:handle_request():141] handle_request: stop_status
2022-05-09 07:16:21,845 DEBUG   SenderThread:3726 [sender.py:send_request():246] send_request: stop_status
2022-05-09 07:16:37,723 DEBUG   HandlerThread:3726 [handler.py:handle_request():141] handle_request: stop_status
2022-05-09 07:16:37,724 DEBUG   SenderThread:3726 [sender.py:send_request():246] send_request: stop_status
2022-05-09 07:16:47,523 DEBUG   HandlerThread:3726 [handler.py:handle_request():141] handle_request: resume
2022-05-09 07:16:47,524 INFO    HandlerThread:3726 [handler.py:handle_request_resume():686] starting system metrics thread
2022-05-09 07:16:47,527 DEBUG   HandlerThread:3726 [handler.py:handle_request():141] handle_request: pause
2022-05-09 07:16:47,528 INFO    HandlerThread:3726 [handler.py:handle_request_pause():695] stopping system metrics thread
2022-05-09 07:16:47,559 DEBUG   SenderThread:3726 [sender.py:send():232] send: stats
2022-05-09 07:16:52,833 DEBUG   HandlerThread:3726 [handler.py:handle_request():141] handle_request: stop_status
2022-05-09 07:16:52,834 DEBUG   SenderThread:3726 [sender.py:send_request():246] send_request: stop_status
2022-05-09 07:16:55,714 DEBUG   HandlerThread:3726 [handler.py:handle_request():141] handle_request: resume
2022-05-09 07:16:55,714 INFO    HandlerThread:3726 [handler.py:handle_request_resume():686] starting system metrics thread
2022-05-09 07:17:02,120 INFO    Thread-7  :3726 [dir_watcher.py:_on_file_modified():257] file/dir modified: /home/ubuntu/NLP-brain-biased-robustness/evaluation/wandb/run-20220509_070414-2m7zexwu/files/output.log
2022-05-09 07:17:04,119 INFO    Thread-7  :3726 [dir_watcher.py:_on_file_modified():257] file/dir modified: /home/ubuntu/NLP-brain-biased-robustness/evaluation/wandb/run-20220509_070414-2m7zexwu/files/output.log
2022-05-09 07:17:04,877 DEBUG   HandlerThread:3726 [handler.py:handle_request():141] handle_request: pause
2022-05-09 07:17:04,877 INFO    HandlerThread:3726 [handler.py:handle_request_pause():695] stopping system metrics thread
2022-05-09 07:17:04,941 DEBUG   SenderThread:3726 [sender.py:send():232] send: stats
2022-05-09 07:17:07,972 DEBUG   HandlerThread:3726 [handler.py:handle_request():141] handle_request: stop_status
2022-05-09 07:17:07,973 DEBUG   SenderThread:3726 [sender.py:send_request():246] send_request: stop_status
2022-05-09 07:17:08,121 INFO    Thread-7  :3726 [dir_watcher.py:_on_file_modified():257] file/dir modified: /home/ubuntu/NLP-brain-biased-robustness/evaluation/wandb/run-20220509_070414-2m7zexwu/files/output.log
2022-05-09 07:17:23,112 DEBUG   HandlerThread:3726 [handler.py:handle_request():141] handle_request: stop_status
2022-05-09 07:17:23,113 DEBUG   SenderThread:3726 [sender.py:send_request():246] send_request: stop_status
2022-05-09 07:17:38,226 DEBUG   HandlerThread:3726 [handler.py:handle_request():141] handle_request: stop_status
2022-05-09 07:17:38,227 DEBUG   SenderThread:3726 [sender.py:send_request():246] send_request: stop_status
2022-05-09 07:17:42,760 DEBUG   HandlerThread:3726 [handler.py:handle_request():141] handle_request: resume
2022-05-09 07:17:42,761 INFO    HandlerThread:3726 [handler.py:handle_request_resume():686] starting system metrics thread
2022-05-09 07:17:45,702 DEBUG   HandlerThread:3726 [handler.py:handle_request():141] handle_request: pause
2022-05-09 07:17:45,702 INFO    HandlerThread:3726 [handler.py:handle_request_pause():695] stopping system metrics thread
2022-05-09 07:17:45,725 DEBUG   SenderThread:3726 [sender.py:send():232] send: stats
2022-05-09 07:17:46,148 INFO    Thread-7  :3726 [dir_watcher.py:_on_file_modified():257] file/dir modified: /home/ubuntu/NLP-brain-biased-robustness/evaluation/wandb/run-20220509_070414-2m7zexwu/files/output.log
2022-05-09 07:17:53,347 DEBUG   HandlerThread:3726 [handler.py:handle_request():141] handle_request: stop_status
2022-05-09 07:17:53,348 DEBUG   SenderThread:3726 [sender.py:send_request():246] send_request: stop_status
2022-05-09 07:18:08,463 DEBUG   HandlerThread:3726 [handler.py:handle_request():141] handle_request: stop_status
2022-05-09 07:18:08,464 DEBUG   SenderThread:3726 [sender.py:send_request():246] send_request: stop_status
2022-05-09 07:18:23,596 DEBUG   HandlerThread:3726 [handler.py:handle_request():141] handle_request: stop_status
2022-05-09 07:18:23,597 DEBUG   SenderThread:3726 [sender.py:send_request():246] send_request: stop_status
2022-05-09 07:18:38,712 DEBUG   HandlerThread:3726 [handler.py:handle_request():141] handle_request: stop_status
2022-05-09 07:18:38,713 DEBUG   SenderThread:3726 [sender.py:send_request():246] send_request: stop_status
2022-05-09 07:18:53,829 DEBUG   HandlerThread:3726 [handler.py:handle_request():141] handle_request: stop_status
2022-05-09 07:18:53,830 DEBUG   SenderThread:3726 [sender.py:send_request():246] send_request: stop_status
2022-05-09 07:19:09,390 DEBUG   HandlerThread:3726 [handler.py:handle_request():141] handle_request: stop_status
2022-05-09 07:19:09,391 DEBUG   SenderThread:3726 [sender.py:send_request():246] send_request: stop_status
2022-05-09 07:19:24,521 DEBUG   HandlerThread:3726 [handler.py:handle_request():141] handle_request: stop_status
2022-05-09 07:19:24,522 DEBUG   SenderThread:3726 [sender.py:send_request():246] send_request: stop_status
2022-05-09 07:19:37,437 DEBUG   HandlerThread:3726 [handler.py:handle_request():141] handle_request: resume
2022-05-09 07:19:37,437 INFO    HandlerThread:3726 [handler.py:handle_request_resume():686] starting system metrics thread
2022-05-09 07:19:39,666 DEBUG   HandlerThread:3726 [handler.py:handle_request():141] handle_request: stop_status
2022-05-09 07:19:39,667 DEBUG   SenderThread:3726 [sender.py:send_request():246] send_request: stop_status
2022-05-09 07:19:40,271 DEBUG   HandlerThread:3726 [handler.py:handle_request():141] handle_request: pause
2022-05-09 07:19:40,272 INFO    HandlerThread:3726 [handler.py:handle_request_pause():695] stopping system metrics thread
2022-05-09 07:19:40,308 DEBUG   SenderThread:3726 [sender.py:send():232] send: stats
2022-05-09 07:19:54,779 DEBUG   HandlerThread:3726 [handler.py:handle_request():141] handle_request: stop_status
2022-05-09 07:19:54,779 DEBUG   SenderThread:3726 [sender.py:send_request():246] send_request: stop_status
2022-05-09 07:20:09,885 DEBUG   HandlerThread:3726 [handler.py:handle_request():141] handle_request: stop_status
2022-05-09 07:20:09,886 DEBUG   SenderThread:3726 [sender.py:send_request():246] send_request: stop_status
2022-05-09 07:20:25,024 DEBUG   HandlerThread:3726 [handler.py:handle_request():141] handle_request: stop_status
2022-05-09 07:20:25,026 DEBUG   SenderThread:3726 [sender.py:send_request():246] send_request: stop_status
2022-05-09 07:20:35,899 DEBUG   HandlerThread:3726 [handler.py:handle_request():141] handle_request: resume
2022-05-09 07:20:35,899 INFO    HandlerThread:3726 [handler.py:handle_request_resume():686] starting system metrics thread
2022-05-09 07:20:36,467 DEBUG   HandlerThread:3726 [handler.py:handle_request():141] handle_request: pause
2022-05-09 07:20:36,467 INFO    HandlerThread:3726 [handler.py:handle_request_pause():695] stopping system metrics thread
2022-05-09 07:20:36,547 DEBUG   SenderThread:3726 [sender.py:send():232] send: stats
2022-05-09 07:20:40,141 DEBUG   HandlerThread:3726 [handler.py:handle_request():141] handle_request: stop_status
2022-05-09 07:20:40,142 DEBUG   SenderThread:3726 [sender.py:send_request():246] send_request: stop_status
2022-05-09 07:20:55,283 DEBUG   HandlerThread:3726 [handler.py:handle_request():141] handle_request: stop_status
2022-05-09 07:20:55,284 DEBUG   SenderThread:3726 [sender.py:send_request():246] send_request: stop_status
2022-05-09 07:21:10,394 DEBUG   HandlerThread:3726 [handler.py:handle_request():141] handle_request: stop_status
2022-05-09 07:21:10,399 DEBUG   SenderThread:3726 [sender.py:send_request():246] send_request: stop_status
2022-05-09 07:21:25,865 DEBUG   HandlerThread:3726 [handler.py:handle_request():141] handle_request: stop_status
2022-05-09 07:21:25,866 DEBUG   SenderThread:3726 [sender.py:send_request():246] send_request: stop_status
2022-05-09 07:21:40,980 DEBUG   HandlerThread:3726 [handler.py:handle_request():141] handle_request: stop_status
2022-05-09 07:21:40,981 DEBUG   SenderThread:3726 [sender.py:send_request():246] send_request: stop_status
2022-05-09 07:21:56,337 DEBUG   HandlerThread:3726 [handler.py:handle_request():141] handle_request: stop_status
2022-05-09 07:21:56,338 DEBUG   SenderThread:3726 [sender.py:send_request():246] send_request: stop_status
2022-05-09 07:22:11,449 DEBUG   HandlerThread:3726 [handler.py:handle_request():141] handle_request: stop_status
2022-05-09 07:22:11,450 DEBUG   SenderThread:3726 [sender.py:send_request():246] send_request: stop_status
2022-05-09 07:22:26,557 DEBUG   HandlerThread:3726 [handler.py:handle_request():141] handle_request: stop_status
2022-05-09 07:22:26,557 DEBUG   SenderThread:3726 [sender.py:send_request():246] send_request: stop_status
2022-05-09 07:22:41,670 DEBUG   HandlerThread:3726 [handler.py:handle_request():141] handle_request: stop_status
2022-05-09 07:22:41,670 DEBUG   SenderThread:3726 [sender.py:send_request():246] send_request: stop_status
2022-05-09 07:23:01,671 DEBUG   HandlerThread:3726 [handler.py:handle_request():141] handle_request: stop_status
2022-05-09 07:23:01,671 DEBUG   SenderThread:3726 [sender.py:send_request():246] send_request: stop_status
2022-05-09 07:23:16,782 DEBUG   HandlerThread:3726 [handler.py:handle_request():141] handle_request: stop_status
2022-05-09 07:23:16,783 DEBUG   SenderThread:3726 [sender.py:send_request():246] send_request: stop_status
2022-05-09 07:23:31,898 DEBUG   HandlerThread:3726 [handler.py:handle_request():141] handle_request: stop_status
2022-05-09 07:23:31,899 DEBUG   SenderThread:3726 [sender.py:send_request():246] send_request: stop_status
2022-05-09 07:23:47,468 DEBUG   HandlerThread:3726 [handler.py:handle_request():141] handle_request: stop_status
2022-05-09 07:23:47,469 DEBUG   SenderThread:3726 [sender.py:send_request():246] send_request: stop_status
2022-05-09 07:24:02,582 DEBUG   HandlerThread:3726 [handler.py:handle_request():141] handle_request: stop_status
2022-05-09 07:24:02,583 DEBUG   SenderThread:3726 [sender.py:send_request():246] send_request: stop_status
2022-05-09 07:24:17,714 DEBUG   HandlerThread:3726 [handler.py:handle_request():141] handle_request: stop_status
2022-05-09 07:24:17,715 DEBUG   SenderThread:3726 [sender.py:send_request():246] send_request: stop_status
2022-05-09 07:24:32,827 DEBUG   HandlerThread:3726 [handler.py:handle_request():141] handle_request: stop_status
2022-05-09 07:24:32,828 DEBUG   SenderThread:3726 [sender.py:send_request():246] send_request: stop_status
2022-05-09 07:24:47,943 DEBUG   HandlerThread:3726 [handler.py:handle_request():141] handle_request: stop_status
2022-05-09 07:24:47,944 DEBUG   SenderThread:3726 [sender.py:send_request():246] send_request: stop_status
2022-05-09 07:25:03,056 DEBUG   HandlerThread:3726 [handler.py:handle_request():141] handle_request: stop_status
2022-05-09 07:25:03,057 DEBUG   SenderThread:3726 [sender.py:send_request():246] send_request: stop_status
2022-05-09 07:25:18,171 DEBUG   HandlerThread:3726 [handler.py:handle_request():141] handle_request: stop_status
2022-05-09 07:25:18,172 DEBUG   SenderThread:3726 [sender.py:send_request():246] send_request: stop_status
2022-05-09 07:25:36,831 DEBUG   HandlerThread:3726 [handler.py:handle_request():141] handle_request: stop_status
2022-05-09 07:25:36,832 DEBUG   SenderThread:3726 [sender.py:send_request():246] send_request: stop_status
2022-05-09 07:25:51,942 DEBUG   HandlerThread:3726 [handler.py:handle_request():141] handle_request: stop_status
2022-05-09 07:25:51,942 DEBUG   SenderThread:3726 [sender.py:send_request():246] send_request: stop_status
2022-05-09 07:26:07,054 DEBUG   HandlerThread:3726 [handler.py:handle_request():141] handle_request: stop_status
2022-05-09 07:26:07,055 DEBUG   SenderThread:3726 [sender.py:send_request():246] send_request: stop_status
2022-05-09 07:26:22,367 DEBUG   HandlerThread:3726 [handler.py:handle_request():141] handle_request: stop_status
2022-05-09 07:26:22,368 DEBUG   SenderThread:3726 [sender.py:send_request():246] send_request: stop_status
2022-05-09 07:26:37,477 DEBUG   HandlerThread:3726 [handler.py:handle_request():141] handle_request: stop_status
2022-05-09 07:26:37,478 DEBUG   SenderThread:3726 [sender.py:send_request():246] send_request: stop_status
2022-05-09 07:26:52,590 DEBUG   HandlerThread:3726 [handler.py:handle_request():141] handle_request: stop_status
2022-05-09 07:26:52,590 DEBUG   SenderThread:3726 [sender.py:send_request():246] send_request: stop_status
2022-05-09 07:27:07,713 DEBUG   HandlerThread:3726 [handler.py:handle_request():141] handle_request: stop_status
2022-05-09 07:27:07,713 DEBUG   SenderThread:3726 [sender.py:send_request():246] send_request: stop_status
2022-05-09 07:27:22,828 DEBUG   HandlerThread:3726 [handler.py:handle_request():141] handle_request: stop_status
2022-05-09 07:27:22,829 DEBUG   SenderThread:3726 [sender.py:send_request():246] send_request: stop_status
2022-05-09 07:27:37,943 DEBUG   HandlerThread:3726 [handler.py:handle_request():141] handle_request: stop_status
2022-05-09 07:27:37,944 DEBUG   SenderThread:3726 [sender.py:send_request():246] send_request: stop_status
2022-05-09 07:27:53,060 DEBUG   HandlerThread:3726 [handler.py:handle_request():141] handle_request: stop_status
2022-05-09 07:27:53,061 DEBUG   SenderThread:3726 [sender.py:send_request():246] send_request: stop_status
2022-05-09 07:28:08,176 DEBUG   HandlerThread:3726 [handler.py:handle_request():141] handle_request: stop_status
2022-05-09 07:28:08,177 DEBUG   SenderThread:3726 [sender.py:send_request():246] send_request: stop_status
2022-05-09 07:28:23,290 DEBUG   HandlerThread:3726 [handler.py:handle_request():141] handle_request: stop_status
2022-05-09 07:28:23,291 DEBUG   SenderThread:3726 [sender.py:send_request():246] send_request: stop_status
2022-05-09 07:28:38,413 DEBUG   HandlerThread:3726 [handler.py:handle_request():141] handle_request: stop_status
2022-05-09 07:28:38,414 DEBUG   SenderThread:3726 [sender.py:send_request():246] send_request: stop_status
2022-05-09 07:28:53,530 DEBUG   HandlerThread:3726 [handler.py:handle_request():141] handle_request: stop_status
2022-05-09 07:28:53,531 DEBUG   SenderThread:3726 [sender.py:send_request():246] send_request: stop_status
2022-05-09 07:29:08,642 DEBUG   HandlerThread:3726 [handler.py:handle_request():141] handle_request: stop_status
2022-05-09 07:29:08,642 DEBUG   SenderThread:3726 [sender.py:send_request():246] send_request: stop_status
2022-05-09 07:29:23,758 DEBUG   HandlerThread:3726 [handler.py:handle_request():141] handle_request: stop_status
2022-05-09 07:29:23,759 DEBUG   SenderThread:3726 [sender.py:send_request():246] send_request: stop_status
2022-05-09 07:29:38,886 DEBUG   HandlerThread:3726 [handler.py:handle_request():141] handle_request: stop_status
2022-05-09 07:29:38,887 DEBUG   SenderThread:3726 [sender.py:send_request():246] send_request: stop_status
2022-05-09 07:29:54,078 DEBUG   HandlerThread:3726 [handler.py:handle_request():141] handle_request: stop_status
2022-05-09 07:29:54,079 DEBUG   SenderThread:3726 [sender.py:send_request():246] send_request: stop_status
2022-05-09 07:30:09,206 DEBUG   HandlerThread:3726 [handler.py:handle_request():141] handle_request: stop_status
2022-05-09 07:30:09,206 DEBUG   SenderThread:3726 [sender.py:send_request():246] send_request: stop_status
2022-05-09 07:30:25,189 DEBUG   HandlerThread:3726 [handler.py:handle_request():141] handle_request: stop_status
2022-05-09 07:30:25,189 DEBUG   SenderThread:3726 [sender.py:send_request():246] send_request: stop_status
2022-05-09 07:30:40,304 DEBUG   HandlerThread:3726 [handler.py:handle_request():141] handle_request: stop_status
2022-05-09 07:30:40,304 DEBUG   SenderThread:3726 [sender.py:send_request():246] send_request: stop_status
2022-05-09 07:30:55,419 DEBUG   HandlerThread:3726 [handler.py:handle_request():141] handle_request: stop_status
2022-05-09 07:30:55,420 DEBUG   SenderThread:3726 [sender.py:send_request():246] send_request: stop_status
2022-05-09 07:31:10,544 DEBUG   HandlerThread:3726 [handler.py:handle_request():141] handle_request: stop_status
2022-05-09 07:31:10,544 DEBUG   SenderThread:3726 [sender.py:send_request():246] send_request: stop_status
2022-05-09 07:31:25,659 DEBUG   HandlerThread:3726 [handler.py:handle_request():141] handle_request: stop_status
2022-05-09 07:31:25,660 DEBUG   SenderThread:3726 [sender.py:send_request():246] send_request: stop_status
2022-05-09 07:31:40,884 DEBUG   HandlerThread:3726 [handler.py:handle_request():141] handle_request: stop_status
2022-05-09 07:31:40,885 DEBUG   SenderThread:3726 [sender.py:send_request():246] send_request: stop_status
2022-05-09 07:31:56,024 DEBUG   HandlerThread:3726 [handler.py:handle_request():141] handle_request: stop_status
2022-05-09 07:31:56,025 DEBUG   SenderThread:3726 [sender.py:send_request():246] send_request: stop_status
2022-05-09 07:32:11,136 DEBUG   HandlerThread:3726 [handler.py:handle_request():141] handle_request: stop_status
2022-05-09 07:32:11,137 DEBUG   SenderThread:3726 [sender.py:send_request():246] send_request: stop_status
2022-05-09 07:32:26,303 DEBUG   HandlerThread:3726 [handler.py:handle_request():141] handle_request: stop_status
2022-05-09 07:32:26,304 DEBUG   SenderThread:3726 [sender.py:send_request():246] send_request: stop_status
2022-05-09 07:32:41,433 DEBUG   HandlerThread:3726 [handler.py:handle_request():141] handle_request: stop_status
2022-05-09 07:32:41,434 DEBUG   SenderThread:3726 [sender.py:send_request():246] send_request: stop_status
2022-05-09 07:32:56,543 DEBUG   HandlerThread:3726 [handler.py:handle_request():141] handle_request: stop_status
2022-05-09 07:32:56,544 DEBUG   SenderThread:3726 [sender.py:send_request():246] send_request: stop_status
2022-05-09 07:33:11,668 DEBUG   HandlerThread:3726 [handler.py:handle_request():141] handle_request: stop_status
2022-05-09 07:33:11,669 DEBUG   SenderThread:3726 [sender.py:send_request():246] send_request: stop_status
2022-05-09 07:33:26,792 DEBUG   HandlerThread:3726 [handler.py:handle_request():141] handle_request: stop_status
2022-05-09 07:33:26,793 DEBUG   SenderThread:3726 [sender.py:send_request():246] send_request: stop_status
2022-05-09 07:33:41,903 DEBUG   HandlerThread:3726 [handler.py:handle_request():141] handle_request: stop_status
2022-05-09 07:33:41,904 DEBUG   SenderThread:3726 [sender.py:send_request():246] send_request: stop_status
2022-05-09 07:33:57,019 DEBUG   HandlerThread:3726 [handler.py:handle_request():141] handle_request: stop_status
2022-05-09 07:33:57,020 DEBUG   SenderThread:3726 [sender.py:send_request():246] send_request: stop_status
2022-05-09 07:34:12,156 DEBUG   HandlerThread:3726 [handler.py:handle_request():141] handle_request: stop_status
2022-05-09 07:34:12,157 DEBUG   SenderThread:3726 [sender.py:send_request():246] send_request: stop_status
2022-05-09 07:34:27,299 DEBUG   HandlerThread:3726 [handler.py:handle_request():141] handle_request: stop_status
2022-05-09 07:34:27,300 DEBUG   SenderThread:3726 [sender.py:send_request():246] send_request: stop_status
2022-05-09 07:34:42,418 DEBUG   HandlerThread:3726 [handler.py:handle_request():141] handle_request: stop_status
2022-05-09 07:34:42,419 DEBUG   SenderThread:3726 [sender.py:send_request():246] send_request: stop_status
2022-05-09 07:34:57,539 DEBUG   HandlerThread:3726 [handler.py:handle_request():141] handle_request: stop_status
2022-05-09 07:34:57,540 DEBUG   SenderThread:3726 [sender.py:send_request():246] send_request: stop_status
2022-05-09 07:35:12,654 DEBUG   HandlerThread:3726 [handler.py:handle_request():141] handle_request: stop_status
2022-05-09 07:35:12,655 DEBUG   SenderThread:3726 [sender.py:send_request():246] send_request: stop_status
2022-05-09 07:35:27,769 DEBUG   HandlerThread:3726 [handler.py:handle_request():141] handle_request: stop_status
2022-05-09 07:35:27,770 DEBUG   SenderThread:3726 [sender.py:send_request():246] send_request: stop_status
2022-05-09 07:35:42,882 DEBUG   HandlerThread:3726 [handler.py:handle_request():141] handle_request: stop_status
2022-05-09 07:35:42,883 DEBUG   SenderThread:3726 [sender.py:send_request():246] send_request: stop_status
2022-05-09 07:35:57,996 DEBUG   HandlerThread:3726 [handler.py:handle_request():141] handle_request: stop_status
2022-05-09 07:35:57,996 DEBUG   SenderThread:3726 [sender.py:send_request():246] send_request: stop_status
2022-05-09 07:36:13,108 DEBUG   HandlerThread:3726 [handler.py:handle_request():141] handle_request: stop_status
2022-05-09 07:36:13,108 DEBUG   SenderThread:3726 [sender.py:send_request():246] send_request: stop_status
2022-05-09 07:36:28,217 DEBUG   HandlerThread:3726 [handler.py:handle_request():141] handle_request: stop_status
2022-05-09 07:36:28,218 DEBUG   SenderThread:3726 [sender.py:send_request():246] send_request: stop_status
2022-05-09 07:36:43,326 DEBUG   HandlerThread:3726 [handler.py:handle_request():141] handle_request: stop_status
2022-05-09 07:36:43,327 DEBUG   SenderThread:3726 [sender.py:send_request():246] send_request: stop_status
2022-05-09 07:36:58,439 DEBUG   HandlerThread:3726 [handler.py:handle_request():141] handle_request: stop_status
2022-05-09 07:36:58,441 DEBUG   SenderThread:3726 [sender.py:send_request():246] send_request: stop_status
2022-05-09 07:37:13,576 DEBUG   HandlerThread:3726 [handler.py:handle_request():141] handle_request: stop_status
2022-05-09 07:37:13,577 DEBUG   SenderThread:3726 [sender.py:send_request():246] send_request: stop_status
2022-05-09 07:37:28,697 DEBUG   HandlerThread:3726 [handler.py:handle_request():141] handle_request: stop_status
2022-05-09 07:37:28,698 DEBUG   SenderThread:3726 [sender.py:send_request():246] send_request: stop_status
2022-05-09 07:37:43,810 DEBUG   HandlerThread:3726 [handler.py:handle_request():141] handle_request: stop_status
2022-05-09 07:37:43,811 DEBUG   SenderThread:3726 [sender.py:send_request():246] send_request: stop_status
2022-05-09 07:37:58,925 DEBUG   HandlerThread:3726 [handler.py:handle_request():141] handle_request: stop_status
2022-05-09 07:37:58,926 DEBUG   SenderThread:3726 [sender.py:send_request():246] send_request: stop_status
2022-05-09 07:38:14,039 DEBUG   HandlerThread:3726 [handler.py:handle_request():141] handle_request: stop_status
2022-05-09 07:38:14,040 DEBUG   SenderThread:3726 [sender.py:send_request():246] send_request: stop_status
2022-05-09 07:38:29,156 DEBUG   HandlerThread:3726 [handler.py:handle_request():141] handle_request: stop_status
2022-05-09 07:38:29,156 DEBUG   SenderThread:3726 [sender.py:send_request():246] send_request: stop_status
2022-05-09 07:38:44,343 DEBUG   HandlerThread:3726 [handler.py:handle_request():141] handle_request: stop_status
2022-05-09 07:38:44,344 DEBUG   SenderThread:3726 [sender.py:send_request():246] send_request: stop_status
2022-05-09 07:38:59,462 DEBUG   HandlerThread:3726 [handler.py:handle_request():141] handle_request: stop_status
2022-05-09 07:38:59,463 DEBUG   SenderThread:3726 [sender.py:send_request():246] send_request: stop_status
2022-05-09 07:39:14,581 DEBUG   HandlerThread:3726 [handler.py:handle_request():141] handle_request: stop_status
2022-05-09 07:39:14,583 DEBUG   SenderThread:3726 [sender.py:send_request():246] send_request: stop_status
2022-05-09 07:39:29,702 DEBUG   HandlerThread:3726 [handler.py:handle_request():141] handle_request: stop_status
2022-05-09 07:39:29,703 DEBUG   SenderThread:3726 [sender.py:send_request():246] send_request: stop_status
2022-05-09 07:39:44,815 DEBUG   HandlerThread:3726 [handler.py:handle_request():141] handle_request: stop_status
2022-05-09 07:39:44,820 DEBUG   SenderThread:3726 [sender.py:send_request():246] send_request: stop_status
2022-05-09 07:39:59,973 DEBUG   HandlerThread:3726 [handler.py:handle_request():141] handle_request: stop_status
2022-05-09 07:39:59,974 DEBUG   SenderThread:3726 [sender.py:send_request():246] send_request: stop_status
2022-05-09 07:40:15,093 DEBUG   HandlerThread:3726 [handler.py:handle_request():141] handle_request: stop_status
2022-05-09 07:40:15,093 DEBUG   SenderThread:3726 [sender.py:send_request():246] send_request: stop_status
2022-05-09 07:40:30,226 DEBUG   HandlerThread:3726 [handler.py:handle_request():141] handle_request: stop_status
2022-05-09 07:40:30,227 DEBUG   SenderThread:3726 [sender.py:send_request():246] send_request: stop_status
2022-05-09 07:40:45,340 DEBUG   HandlerThread:3726 [handler.py:handle_request():141] handle_request: stop_status
2022-05-09 07:40:45,340 DEBUG   SenderThread:3726 [sender.py:send_request():246] send_request: stop_status
2022-05-09 07:41:00,978 DEBUG   HandlerThread:3726 [handler.py:handle_request():141] handle_request: stop_status
2022-05-09 07:41:00,979 DEBUG   SenderThread:3726 [sender.py:send_request():246] send_request: stop_status
2022-05-09 07:41:16,092 DEBUG   HandlerThread:3726 [handler.py:handle_request():141] handle_request: stop_status
2022-05-09 07:41:16,093 DEBUG   SenderThread:3726 [sender.py:send_request():246] send_request: stop_status
2022-05-09 07:41:31,207 DEBUG   HandlerThread:3726 [handler.py:handle_request():141] handle_request: stop_status
2022-05-09 07:41:31,208 DEBUG   SenderThread:3726 [sender.py:send_request():246] send_request: stop_status
2022-05-09 07:41:46,327 DEBUG   HandlerThread:3726 [handler.py:handle_request():141] handle_request: stop_status
2022-05-09 07:41:46,327 DEBUG   SenderThread:3726 [sender.py:send_request():246] send_request: stop_status
2022-05-09 07:42:01,442 DEBUG   HandlerThread:3726 [handler.py:handle_request():141] handle_request: stop_status
2022-05-09 07:42:01,443 DEBUG   SenderThread:3726 [sender.py:send_request():246] send_request: stop_status
2022-05-09 07:42:16,595 DEBUG   HandlerThread:3726 [handler.py:handle_request():141] handle_request: stop_status
2022-05-09 07:42:16,595 DEBUG   SenderThread:3726 [sender.py:send_request():246] send_request: stop_status
2022-05-09 07:42:31,735 DEBUG   HandlerThread:3726 [handler.py:handle_request():141] handle_request: stop_status
2022-05-09 07:42:31,736 DEBUG   SenderThread:3726 [sender.py:send_request():246] send_request: stop_status
2022-05-09 07:42:46,850 DEBUG   HandlerThread:3726 [handler.py:handle_request():141] handle_request: stop_status
2022-05-09 07:42:46,850 DEBUG   SenderThread:3726 [sender.py:send_request():246] send_request: stop_status
2022-05-09 07:43:02,307 DEBUG   HandlerThread:3726 [handler.py:handle_request():141] handle_request: stop_status
2022-05-09 07:43:02,307 DEBUG   SenderThread:3726 [sender.py:send_request():246] send_request: stop_status
2022-05-09 07:43:17,808 DEBUG   HandlerThread:3726 [handler.py:handle_request():141] handle_request: stop_status
2022-05-09 07:43:17,809 DEBUG   SenderThread:3726 [sender.py:send_request():246] send_request: stop_status
2022-05-09 07:43:32,924 DEBUG   HandlerThread:3726 [handler.py:handle_request():141] handle_request: stop_status
2022-05-09 07:43:32,925 DEBUG   SenderThread:3726 [sender.py:send_request():246] send_request: stop_status
2022-05-09 07:43:48,034 DEBUG   HandlerThread:3726 [handler.py:handle_request():141] handle_request: stop_status
2022-05-09 07:43:48,035 DEBUG   SenderThread:3726 [sender.py:send_request():246] send_request: stop_status
2022-05-09 07:44:03,146 DEBUG   HandlerThread:3726 [handler.py:handle_request():141] handle_request: stop_status
2022-05-09 07:44:03,147 DEBUG   SenderThread:3726 [sender.py:send_request():246] send_request: stop_status
2022-05-09 07:44:18,642 DEBUG   HandlerThread:3726 [handler.py:handle_request():141] handle_request: stop_status
2022-05-09 07:44:18,642 DEBUG   SenderThread:3726 [sender.py:send_request():246] send_request: stop_status
2022-05-09 07:44:33,762 DEBUG   HandlerThread:3726 [handler.py:handle_request():141] handle_request: stop_status
2022-05-09 07:44:33,763 DEBUG   SenderThread:3726 [sender.py:send_request():246] send_request: stop_status
2022-05-09 07:44:48,877 DEBUG   HandlerThread:3726 [handler.py:handle_request():141] handle_request: stop_status
2022-05-09 07:44:48,878 DEBUG   SenderThread:3726 [sender.py:send_request():246] send_request: stop_status
2022-05-09 07:45:03,998 DEBUG   HandlerThread:3726 [handler.py:handle_request():141] handle_request: stop_status
2022-05-09 07:45:03,999 DEBUG   SenderThread:3726 [sender.py:send_request():246] send_request: stop_status
2022-05-09 07:45:19,111 DEBUG   HandlerThread:3726 [handler.py:handle_request():141] handle_request: stop_status
2022-05-09 07:45:19,112 DEBUG   SenderThread:3726 [sender.py:send_request():246] send_request: stop_status
2022-05-09 07:45:34,237 DEBUG   HandlerThread:3726 [handler.py:handle_request():141] handle_request: stop_status
2022-05-09 07:45:34,238 DEBUG   SenderThread:3726 [sender.py:send_request():246] send_request: stop_status
2022-05-09 07:45:49,351 DEBUG   HandlerThread:3726 [handler.py:handle_request():141] handle_request: stop_status
2022-05-09 07:45:49,352 DEBUG   SenderThread:3726 [sender.py:send_request():246] send_request: stop_status
2022-05-09 07:46:04,499 DEBUG   HandlerThread:3726 [handler.py:handle_request():141] handle_request: stop_status
2022-05-09 07:46:04,500 DEBUG   SenderThread:3726 [sender.py:send_request():246] send_request: stop_status
2022-05-09 07:46:19,623 DEBUG   HandlerThread:3726 [handler.py:handle_request():141] handle_request: stop_status
2022-05-09 07:46:19,624 DEBUG   SenderThread:3726 [sender.py:send_request():246] send_request: stop_status
2022-05-09 07:46:34,732 DEBUG   HandlerThread:3726 [handler.py:handle_request():141] handle_request: stop_status
2022-05-09 07:46:34,735 DEBUG   SenderThread:3726 [sender.py:send_request():246] send_request: stop_status
2022-05-09 07:46:49,857 DEBUG   HandlerThread:3726 [handler.py:handle_request():141] handle_request: stop_status
2022-05-09 07:46:49,857 DEBUG   SenderThread:3726 [sender.py:send_request():246] send_request: stop_status
2022-05-09 07:47:04,973 DEBUG   HandlerThread:3726 [handler.py:handle_request():141] handle_request: stop_status
2022-05-09 07:47:04,974 DEBUG   SenderThread:3726 [sender.py:send_request():246] send_request: stop_status
2022-05-09 07:47:20,092 DEBUG   HandlerThread:3726 [handler.py:handle_request():141] handle_request: stop_status
2022-05-09 07:47:20,093 DEBUG   SenderThread:3726 [sender.py:send_request():246] send_request: stop_status
2022-05-09 07:47:35,210 DEBUG   HandlerThread:3726 [handler.py:handle_request():141] handle_request: stop_status
2022-05-09 07:47:35,212 DEBUG   SenderThread:3726 [sender.py:send_request():246] send_request: stop_status
2022-05-09 07:47:50,331 DEBUG   HandlerThread:3726 [handler.py:handle_request():141] handle_request: stop_status
2022-05-09 07:47:50,332 DEBUG   SenderThread:3726 [sender.py:send_request():246] send_request: stop_status
2022-05-09 07:48:05,440 DEBUG   HandlerThread:3726 [handler.py:handle_request():141] handle_request: stop_status
2022-05-09 07:48:05,441 DEBUG   SenderThread:3726 [sender.py:send_request():246] send_request: stop_status
2022-05-09 07:48:20,555 DEBUG   HandlerThread:3726 [handler.py:handle_request():141] handle_request: stop_status
2022-05-09 07:48:20,556 DEBUG   SenderThread:3726 [sender.py:send_request():246] send_request: stop_status
2022-05-09 07:48:35,679 DEBUG   HandlerThread:3726 [handler.py:handle_request():141] handle_request: stop_status
2022-05-09 07:48:35,680 DEBUG   SenderThread:3726 [sender.py:send_request():246] send_request: stop_status
2022-05-09 07:48:50,797 DEBUG   HandlerThread:3726 [handler.py:handle_request():141] handle_request: stop_status
2022-05-09 07:48:50,798 DEBUG   SenderThread:3726 [sender.py:send_request():246] send_request: stop_status
2022-05-09 07:49:05,933 DEBUG   HandlerThread:3726 [handler.py:handle_request():141] handle_request: stop_status
2022-05-09 07:49:05,934 DEBUG   SenderThread:3726 [sender.py:send_request():246] send_request: stop_status
2022-05-09 07:49:21,045 DEBUG   HandlerThread:3726 [handler.py:handle_request():141] handle_request: stop_status
2022-05-09 07:49:21,046 DEBUG   SenderThread:3726 [sender.py:send_request():246] send_request: stop_status
2022-05-09 07:49:36,181 DEBUG   HandlerThread:3726 [handler.py:handle_request():141] handle_request: stop_status
2022-05-09 07:49:36,182 DEBUG   SenderThread:3726 [sender.py:send_request():246] send_request: stop_status
2022-05-09 07:49:51,299 DEBUG   HandlerThread:3726 [handler.py:handle_request():141] handle_request: stop_status
2022-05-09 07:49:51,299 DEBUG   SenderThread:3726 [sender.py:send_request():246] send_request: stop_status
2022-05-09 07:50:06,412 DEBUG   HandlerThread:3726 [handler.py:handle_request():141] handle_request: stop_status
2022-05-09 07:50:06,413 DEBUG   SenderThread:3726 [sender.py:send_request():246] send_request: stop_status
2022-05-09 07:50:21,522 DEBUG   HandlerThread:3726 [handler.py:handle_request():141] handle_request: stop_status
2022-05-09 07:50:21,523 DEBUG   SenderThread:3726 [sender.py:send_request():246] send_request: stop_status
2022-05-09 07:50:37,621 DEBUG   HandlerThread:3726 [handler.py:handle_request():141] handle_request: stop_status
2022-05-09 07:50:37,622 DEBUG   SenderThread:3726 [sender.py:send_request():246] send_request: stop_status
2022-05-09 07:50:52,740 DEBUG   HandlerThread:3726 [handler.py:handle_request():141] handle_request: stop_status
2022-05-09 07:50:52,741 DEBUG   SenderThread:3726 [sender.py:send_request():246] send_request: stop_status
2022-05-09 07:51:07,857 DEBUG   HandlerThread:3726 [handler.py:handle_request():141] handle_request: stop_status
2022-05-09 07:51:07,858 DEBUG   SenderThread:3726 [sender.py:send_request():246] send_request: stop_status
2022-05-09 07:51:22,971 DEBUG   HandlerThread:3726 [handler.py:handle_request():141] handle_request: stop_status
2022-05-09 07:51:22,972 DEBUG   SenderThread:3726 [sender.py:send_request():246] send_request: stop_status
2022-05-09 07:51:38,090 DEBUG   HandlerThread:3726 [handler.py:handle_request():141] handle_request: stop_status
2022-05-09 07:51:38,091 DEBUG   SenderThread:3726 [sender.py:send_request():246] send_request: stop_status
2022-05-09 07:51:53,202 DEBUG   HandlerThread:3726 [handler.py:handle_request():141] handle_request: stop_status
2022-05-09 07:51:53,202 DEBUG   SenderThread:3726 [sender.py:send_request():246] send_request: stop_status
2022-05-09 07:52:08,309 DEBUG   HandlerThread:3726 [handler.py:handle_request():141] handle_request: stop_status
2022-05-09 07:52:08,310 DEBUG   SenderThread:3726 [sender.py:send_request():246] send_request: stop_status
2022-05-09 07:52:23,421 DEBUG   HandlerThread:3726 [handler.py:handle_request():141] handle_request: stop_status
2022-05-09 07:52:23,422 DEBUG   SenderThread:3726 [sender.py:send_request():246] send_request: stop_status
2022-05-09 07:52:38,536 DEBUG   HandlerThread:3726 [handler.py:handle_request():141] handle_request: stop_status
2022-05-09 07:52:38,537 DEBUG   SenderThread:3726 [sender.py:send_request():246] send_request: stop_status
2022-05-09 07:52:53,645 DEBUG   HandlerThread:3726 [handler.py:handle_request():141] handle_request: stop_status
2022-05-09 07:52:53,646 DEBUG   SenderThread:3726 [sender.py:send_request():246] send_request: stop_status
2022-05-09 07:53:08,762 DEBUG   HandlerThread:3726 [handler.py:handle_request():141] handle_request: stop_status
2022-05-09 07:53:08,763 DEBUG   SenderThread:3726 [sender.py:send_request():246] send_request: stop_status
2022-05-09 07:53:24,448 DEBUG   HandlerThread:3726 [handler.py:handle_request():141] handle_request: stop_status
2022-05-09 07:53:24,449 DEBUG   SenderThread:3726 [sender.py:send_request():246] send_request: stop_status
2022-05-09 07:53:39,833 DEBUG   HandlerThread:3726 [handler.py:handle_request():141] handle_request: stop_status
2022-05-09 07:53:39,834 DEBUG   SenderThread:3726 [sender.py:send_request():246] send_request: stop_status
2022-05-09 07:53:55,078 DEBUG   HandlerThread:3726 [handler.py:handle_request():141] handle_request: stop_status
2022-05-09 07:53:55,079 DEBUG   SenderThread:3726 [sender.py:send_request():246] send_request: stop_status
2022-05-09 07:54:10,197 DEBUG   HandlerThread:3726 [handler.py:handle_request():141] handle_request: stop_status
2022-05-09 07:54:10,198 DEBUG   SenderThread:3726 [sender.py:send_request():246] send_request: stop_status
2022-05-09 07:54:25,357 DEBUG   HandlerThread:3726 [handler.py:handle_request():141] handle_request: stop_status
2022-05-09 07:54:25,358 DEBUG   SenderThread:3726 [sender.py:send_request():246] send_request: stop_status
2022-05-09 07:54:40,528 DEBUG   HandlerThread:3726 [handler.py:handle_request():141] handle_request: stop_status
2022-05-09 07:54:40,529 DEBUG   SenderThread:3726 [sender.py:send_request():246] send_request: stop_status
2022-05-09 07:54:56,752 DEBUG   HandlerThread:3726 [handler.py:handle_request():141] handle_request: stop_status
2022-05-09 07:54:56,753 DEBUG   SenderThread:3726 [sender.py:send_request():246] send_request: stop_status
2022-05-09 07:55:12,005 DEBUG   HandlerThread:3726 [handler.py:handle_request():141] handle_request: stop_status
2022-05-09 07:55:12,006 DEBUG   SenderThread:3726 [sender.py:send_request():246] send_request: stop_status
2022-05-09 07:55:27,127 DEBUG   HandlerThread:3726 [handler.py:handle_request():141] handle_request: stop_status
2022-05-09 07:55:27,128 DEBUG   SenderThread:3726 [sender.py:send_request():246] send_request: stop_status
2022-05-09 07:55:42,480 DEBUG   HandlerThread:3726 [handler.py:handle_request():141] handle_request: stop_status
2022-05-09 07:55:42,481 DEBUG   SenderThread:3726 [sender.py:send_request():246] send_request: stop_status
2022-05-09 07:55:58,216 DEBUG   HandlerThread:3726 [handler.py:handle_request():141] handle_request: stop_status
2022-05-09 07:55:58,217 DEBUG   SenderThread:3726 [sender.py:send_request():246] send_request: stop_status
2022-05-09 07:56:13,343 DEBUG   HandlerThread:3726 [handler.py:handle_request():141] handle_request: stop_status
2022-05-09 07:56:13,344 DEBUG   SenderThread:3726 [sender.py:send_request():246] send_request: stop_status
2022-05-09 07:56:28,464 DEBUG   HandlerThread:3726 [handler.py:handle_request():141] handle_request: stop_status
2022-05-09 07:56:28,466 DEBUG   SenderThread:3726 [sender.py:send_request():246] send_request: stop_status
2022-05-09 07:56:43,610 DEBUG   HandlerThread:3726 [handler.py:handle_request():141] handle_request: stop_status
2022-05-09 07:56:43,610 DEBUG   SenderThread:3726 [sender.py:send_request():246] send_request: stop_status
2022-05-09 07:56:58,723 DEBUG   HandlerThread:3726 [handler.py:handle_request():141] handle_request: stop_status
2022-05-09 07:56:58,723 DEBUG   SenderThread:3726 [sender.py:send_request():246] send_request: stop_status
2022-05-09 07:57:13,847 DEBUG   HandlerThread:3726 [handler.py:handle_request():141] handle_request: stop_status
2022-05-09 07:57:13,847 DEBUG   SenderThread:3726 [sender.py:send_request():246] send_request: stop_status
2022-05-09 07:57:28,955 DEBUG   HandlerThread:3726 [handler.py:handle_request():141] handle_request: stop_status
2022-05-09 07:57:28,955 DEBUG   SenderThread:3726 [sender.py:send_request():246] send_request: stop_status
2022-05-09 07:57:44,062 DEBUG   HandlerThread:3726 [handler.py:handle_request():141] handle_request: stop_status
2022-05-09 07:57:44,063 DEBUG   SenderThread:3726 [sender.py:send_request():246] send_request: stop_status
2022-05-09 07:57:59,191 DEBUG   HandlerThread:3726 [handler.py:handle_request():141] handle_request: stop_status
2022-05-09 07:57:59,192 DEBUG   SenderThread:3726 [sender.py:send_request():246] send_request: stop_status
2022-05-09 07:58:14,307 DEBUG   HandlerThread:3726 [handler.py:handle_request():141] handle_request: stop_status
2022-05-09 07:58:14,308 DEBUG   SenderThread:3726 [sender.py:send_request():246] send_request: stop_status
2022-05-09 07:58:29,421 DEBUG   HandlerThread:3726 [handler.py:handle_request():141] handle_request: stop_status
2022-05-09 07:58:29,421 DEBUG   SenderThread:3726 [sender.py:send_request():246] send_request: stop_status
2022-05-09 07:58:44,536 DEBUG   HandlerThread:3726 [handler.py:handle_request():141] handle_request: stop_status
2022-05-09 07:58:44,536 DEBUG   SenderThread:3726 [sender.py:send_request():246] send_request: stop_status
2022-05-09 07:58:59,676 DEBUG   HandlerThread:3726 [handler.py:handle_request():141] handle_request: stop_status
2022-05-09 07:58:59,676 DEBUG   SenderThread:3726 [sender.py:send_request():246] send_request: stop_status
2022-05-09 07:59:15,175 DEBUG   HandlerThread:3726 [handler.py:handle_request():141] handle_request: stop_status
2022-05-09 07:59:15,175 DEBUG   SenderThread:3726 [sender.py:send_request():246] send_request: stop_status
2022-05-09 07:59:30,316 DEBUG   HandlerThread:3726 [handler.py:handle_request():141] handle_request: stop_status
2022-05-09 07:59:30,317 DEBUG   SenderThread:3726 [sender.py:send_request():246] send_request: stop_status
2022-05-09 07:59:45,430 DEBUG   HandlerThread:3726 [handler.py:handle_request():141] handle_request: stop_status
2022-05-09 07:59:45,431 DEBUG   SenderThread:3726 [sender.py:send_request():246] send_request: stop_status
2022-05-09 08:00:00,542 DEBUG   HandlerThread:3726 [handler.py:handle_request():141] handle_request: stop_status
2022-05-09 08:00:00,543 DEBUG   SenderThread:3726 [sender.py:send_request():246] send_request: stop_status
2022-05-09 08:00:15,661 DEBUG   HandlerThread:3726 [handler.py:handle_request():141] handle_request: stop_status
2022-05-09 08:00:15,662 DEBUG   SenderThread:3726 [sender.py:send_request():246] send_request: stop_status
2022-05-09 08:00:30,797 DEBUG   HandlerThread:3726 [handler.py:handle_request():141] handle_request: stop_status
2022-05-09 08:00:30,798 DEBUG   SenderThread:3726 [sender.py:send_request():246] send_request: stop_status
2022-05-09 08:00:45,910 DEBUG   HandlerThread:3726 [handler.py:handle_request():141] handle_request: stop_status
2022-05-09 08:00:45,911 DEBUG   SenderThread:3726 [sender.py:send_request():246] send_request: stop_status
2022-05-09 08:01:01,038 DEBUG   HandlerThread:3726 [handler.py:handle_request():141] handle_request: stop_status
2022-05-09 08:01:01,039 DEBUG   SenderThread:3726 [sender.py:send_request():246] send_request: stop_status
2022-05-09 08:01:16,644 DEBUG   HandlerThread:3726 [handler.py:handle_request():141] handle_request: stop_status
2022-05-09 08:01:16,645 DEBUG   SenderThread:3726 [sender.py:send_request():246] send_request: stop_status
2022-05-09 08:01:31,768 DEBUG   HandlerThread:3726 [handler.py:handle_request():141] handle_request: stop_status
2022-05-09 08:01:31,769 DEBUG   SenderThread:3726 [sender.py:send_request():246] send_request: stop_status
2022-05-09 08:01:46,900 DEBUG   HandlerThread:3726 [handler.py:handle_request():141] handle_request: stop_status
2022-05-09 08:01:46,901 DEBUG   SenderThread:3726 [sender.py:send_request():246] send_request: stop_status
2022-05-09 08:02:02,010 DEBUG   HandlerThread:3726 [handler.py:handle_request():141] handle_request: stop_status
2022-05-09 08:02:02,010 DEBUG   SenderThread:3726 [sender.py:send_request():246] send_request: stop_status
2022-05-09 08:02:17,341 DEBUG   HandlerThread:3726 [handler.py:handle_request():141] handle_request: stop_status
2022-05-09 08:02:17,342 DEBUG   SenderThread:3726 [sender.py:send_request():246] send_request: stop_status
2022-05-09 08:02:32,457 DEBUG   HandlerThread:3726 [handler.py:handle_request():141] handle_request: stop_status
2022-05-09 08:02:32,458 DEBUG   SenderThread:3726 [sender.py:send_request():246] send_request: stop_status
2022-05-09 08:02:47,580 DEBUG   HandlerThread:3726 [handler.py:handle_request():141] handle_request: stop_status
2022-05-09 08:02:47,581 DEBUG   SenderThread:3726 [sender.py:send_request():246] send_request: stop_status
2022-05-09 08:03:02,694 DEBUG   HandlerThread:3726 [handler.py:handle_request():141] handle_request: stop_status
2022-05-09 08:03:02,694 DEBUG   SenderThread:3726 [sender.py:send_request():246] send_request: stop_status
2022-05-09 08:03:17,824 DEBUG   HandlerThread:3726 [handler.py:handle_request():141] handle_request: stop_status
2022-05-09 08:03:17,824 DEBUG   SenderThread:3726 [sender.py:send_request():246] send_request: stop_status
2022-05-09 08:03:32,942 DEBUG   HandlerThread:3726 [handler.py:handle_request():141] handle_request: stop_status
2022-05-09 08:03:32,942 DEBUG   SenderThread:3726 [sender.py:send_request():246] send_request: stop_status
2022-05-09 08:03:48,058 DEBUG   HandlerThread:3726 [handler.py:handle_request():141] handle_request: stop_status
2022-05-09 08:03:48,059 DEBUG   SenderThread:3726 [sender.py:send_request():246] send_request: stop_status
2022-05-09 08:04:03,173 DEBUG   HandlerThread:3726 [handler.py:handle_request():141] handle_request: stop_status
2022-05-09 08:04:03,174 DEBUG   SenderThread:3726 [sender.py:send_request():246] send_request: stop_status
2022-05-09 08:04:18,314 DEBUG   HandlerThread:3726 [handler.py:handle_request():141] handle_request: stop_status
2022-05-09 08:04:18,315 DEBUG   SenderThread:3726 [sender.py:send_request():246] send_request: stop_status
2022-05-09 08:04:33,426 DEBUG   HandlerThread:3726 [handler.py:handle_request():141] handle_request: stop_status
2022-05-09 08:04:33,427 DEBUG   SenderThread:3726 [sender.py:send_request():246] send_request: stop_status
2022-05-09 08:04:49,284 DEBUG   HandlerThread:3726 [handler.py:handle_request():141] handle_request: stop_status
2022-05-09 08:04:49,285 DEBUG   SenderThread:3726 [sender.py:send_request():246] send_request: stop_status
2022-05-09 08:05:04,397 DEBUG   HandlerThread:3726 [handler.py:handle_request():141] handle_request: stop_status
2022-05-09 08:05:04,398 DEBUG   SenderThread:3726 [sender.py:send_request():246] send_request: stop_status
2022-05-09 08:05:19,695 DEBUG   HandlerThread:3726 [handler.py:handle_request():141] handle_request: stop_status
2022-05-09 08:05:19,696 DEBUG   SenderThread:3726 [sender.py:send_request():246] send_request: stop_status
2022-05-09 08:05:34,818 DEBUG   HandlerThread:3726 [handler.py:handle_request():141] handle_request: stop_status
2022-05-09 08:05:34,818 DEBUG   SenderThread:3726 [sender.py:send_request():246] send_request: stop_status
2022-05-09 08:05:49,945 DEBUG   HandlerThread:3726 [handler.py:handle_request():141] handle_request: stop_status
2022-05-09 08:05:49,946 DEBUG   SenderThread:3726 [sender.py:send_request():246] send_request: stop_status
2022-05-09 08:06:05,055 DEBUG   HandlerThread:3726 [handler.py:handle_request():141] handle_request: stop_status
2022-05-09 08:06:05,056 DEBUG   SenderThread:3726 [sender.py:send_request():246] send_request: stop_status
2022-05-09 08:06:20,327 DEBUG   HandlerThread:3726 [handler.py:handle_request():141] handle_request: stop_status
2022-05-09 08:06:20,327 DEBUG   SenderThread:3726 [sender.py:send_request():246] send_request: stop_status
2022-05-09 08:06:35,448 DEBUG   HandlerThread:3726 [handler.py:handle_request():141] handle_request: stop_status
2022-05-09 08:06:35,448 DEBUG   SenderThread:3726 [sender.py:send_request():246] send_request: stop_status
2022-05-09 08:06:50,557 DEBUG   HandlerThread:3726 [handler.py:handle_request():141] handle_request: stop_status
2022-05-09 08:06:50,558 DEBUG   SenderThread:3726 [sender.py:send_request():246] send_request: stop_status
2022-05-09 08:07:05,682 DEBUG   HandlerThread:3726 [handler.py:handle_request():141] handle_request: stop_status
2022-05-09 08:07:05,683 DEBUG   SenderThread:3726 [sender.py:send_request():246] send_request: stop_status
2022-05-09 08:07:20,803 DEBUG   HandlerThread:3726 [handler.py:handle_request():141] handle_request: stop_status
2022-05-09 08:07:20,804 DEBUG   SenderThread:3726 [sender.py:send_request():246] send_request: stop_status
2022-05-09 08:07:35,919 DEBUG   HandlerThread:3726 [handler.py:handle_request():141] handle_request: stop_status
2022-05-09 08:07:35,920 DEBUG   SenderThread:3726 [sender.py:send_request():246] send_request: stop_status
2022-05-09 08:07:51,030 DEBUG   HandlerThread:3726 [handler.py:handle_request():141] handle_request: stop_status
2022-05-09 08:07:51,031 DEBUG   SenderThread:3726 [sender.py:send_request():246] send_request: stop_status
2022-05-09 08:08:06,154 DEBUG   HandlerThread:3726 [handler.py:handle_request():141] handle_request: stop_status
2022-05-09 08:08:06,155 DEBUG   SenderThread:3726 [sender.py:send_request():246] send_request: stop_status
2022-05-09 08:08:21,279 DEBUG   HandlerThread:3726 [handler.py:handle_request():141] handle_request: stop_status
2022-05-09 08:08:21,281 DEBUG   SenderThread:3726 [sender.py:send_request():246] send_request: stop_status
2022-05-09 08:08:36,398 DEBUG   HandlerThread:3726 [handler.py:handle_request():141] handle_request: stop_status
2022-05-09 08:08:36,399 DEBUG   SenderThread:3726 [sender.py:send_request():246] send_request: stop_status
2022-05-09 08:08:51,509 DEBUG   HandlerThread:3726 [handler.py:handle_request():141] handle_request: stop_status
2022-05-09 08:08:51,510 DEBUG   SenderThread:3726 [sender.py:send_request():246] send_request: stop_status
2022-05-09 08:09:06,634 DEBUG   HandlerThread:3726 [handler.py:handle_request():141] handle_request: stop_status
2022-05-09 08:09:06,634 DEBUG   SenderThread:3726 [sender.py:send_request():246] send_request: stop_status
2022-05-09 08:09:21,917 DEBUG   HandlerThread:3726 [handler.py:handle_request():141] handle_request: stop_status
2022-05-09 08:09:21,918 DEBUG   SenderThread:3726 [sender.py:send_request():246] send_request: stop_status
2022-05-09 08:09:37,028 DEBUG   HandlerThread:3726 [handler.py:handle_request():141] handle_request: stop_status
2022-05-09 08:09:37,029 DEBUG   SenderThread:3726 [sender.py:send_request():246] send_request: stop_status
2022-05-09 08:09:52,148 DEBUG   HandlerThread:3726 [handler.py:handle_request():141] handle_request: stop_status
2022-05-09 08:09:52,149 DEBUG   SenderThread:3726 [sender.py:send_request():246] send_request: stop_status
2022-05-09 08:10:07,265 DEBUG   HandlerThread:3726 [handler.py:handle_request():141] handle_request: stop_status
2022-05-09 08:10:07,266 DEBUG   SenderThread:3726 [sender.py:send_request():246] send_request: stop_status
2022-05-09 08:10:22,405 DEBUG   HandlerThread:3726 [handler.py:handle_request():141] handle_request: stop_status
2022-05-09 08:10:22,406 DEBUG   SenderThread:3726 [sender.py:send_request():246] send_request: stop_status
2022-05-09 08:10:37,527 DEBUG   HandlerThread:3726 [handler.py:handle_request():141] handle_request: stop_status
2022-05-09 08:10:37,528 DEBUG   SenderThread:3726 [sender.py:send_request():246] send_request: stop_status
2022-05-09 08:10:52,639 DEBUG   HandlerThread:3726 [handler.py:handle_request():141] handle_request: stop_status
2022-05-09 08:10:52,640 DEBUG   SenderThread:3726 [sender.py:send_request():246] send_request: stop_status
2022-05-09 08:11:07,751 DEBUG   HandlerThread:3726 [handler.py:handle_request():141] handle_request: stop_status
2022-05-09 08:11:07,751 DEBUG   SenderThread:3726 [sender.py:send_request():246] send_request: stop_status
2022-05-09 08:11:22,863 DEBUG   HandlerThread:3726 [handler.py:handle_request():141] handle_request: stop_status
2022-05-09 08:11:22,864 DEBUG   SenderThread:3726 [sender.py:send_request():246] send_request: stop_status
2022-05-09 08:11:37,979 DEBUG   HandlerThread:3726 [handler.py:handle_request():141] handle_request: stop_status
2022-05-09 08:11:37,980 DEBUG   SenderThread:3726 [sender.py:send_request():246] send_request: stop_status
2022-05-09 08:11:53,113 DEBUG   HandlerThread:3726 [handler.py:handle_request():141] handle_request: stop_status
2022-05-09 08:11:53,114 DEBUG   SenderThread:3726 [sender.py:send_request():246] send_request: stop_status
2022-05-09 08:12:08,226 DEBUG   HandlerThread:3726 [handler.py:handle_request():141] handle_request: stop_status
2022-05-09 08:12:08,227 DEBUG   SenderThread:3726 [sender.py:send_request():246] send_request: stop_status
2022-05-09 08:12:23,341 DEBUG   HandlerThread:3726 [handler.py:handle_request():141] handle_request: stop_status
2022-05-09 08:12:23,342 DEBUG   SenderThread:3726 [sender.py:send_request():246] send_request: stop_status
2022-05-09 08:12:38,548 DEBUG   HandlerThread:3726 [handler.py:handle_request():141] handle_request: stop_status
2022-05-09 08:12:38,548 DEBUG   SenderThread:3726 [sender.py:send_request():246] send_request: stop_status
2022-05-09 08:12:53,690 DEBUG   HandlerThread:3726 [handler.py:handle_request():141] handle_request: stop_status
2022-05-09 08:12:53,691 DEBUG   SenderThread:3726 [sender.py:send_request():246] send_request: stop_status
2022-05-09 08:13:08,802 DEBUG   HandlerThread:3726 [handler.py:handle_request():141] handle_request: stop_status
2022-05-09 08:13:08,803 DEBUG   SenderThread:3726 [sender.py:send_request():246] send_request: stop_status
2022-05-09 08:13:23,915 DEBUG   HandlerThread:3726 [handler.py:handle_request():141] handle_request: stop_status
2022-05-09 08:13:23,916 DEBUG   SenderThread:3726 [sender.py:send_request():246] send_request: stop_status
2022-05-09 08:13:39,031 DEBUG   HandlerThread:3726 [handler.py:handle_request():141] handle_request: stop_status
2022-05-09 08:13:39,033 DEBUG   SenderThread:3726 [sender.py:send_request():246] send_request: stop_status
2022-05-09 08:13:54,151 DEBUG   HandlerThread:3726 [handler.py:handle_request():141] handle_request: stop_status
2022-05-09 08:13:54,152 DEBUG   SenderThread:3726 [sender.py:send_request():246] send_request: stop_status
2022-05-09 08:14:09,270 DEBUG   HandlerThread:3726 [handler.py:handle_request():141] handle_request: stop_status
2022-05-09 08:14:09,271 DEBUG   SenderThread:3726 [sender.py:send_request():246] send_request: stop_status
2022-05-09 08:14:24,384 DEBUG   HandlerThread:3726 [handler.py:handle_request():141] handle_request: stop_status
2022-05-09 08:14:24,385 DEBUG   SenderThread:3726 [sender.py:send_request():246] send_request: stop_status
2022-05-09 08:14:39,499 DEBUG   HandlerThread:3726 [handler.py:handle_request():141] handle_request: stop_status
2022-05-09 08:14:39,500 DEBUG   SenderThread:3726 [sender.py:send_request():246] send_request: stop_status
2022-05-09 08:14:54,821 DEBUG   HandlerThread:3726 [handler.py:handle_request():141] handle_request: stop_status
2022-05-09 08:14:54,824 DEBUG   SenderThread:3726 [sender.py:send_request():246] send_request: stop_status
2022-05-09 08:15:09,936 DEBUG   HandlerThread:3726 [handler.py:handle_request():141] handle_request: stop_status
2022-05-09 08:15:09,937 DEBUG   SenderThread:3726 [sender.py:send_request():246] send_request: stop_status
2022-05-09 08:15:25,075 DEBUG   HandlerThread:3726 [handler.py:handle_request():141] handle_request: stop_status
2022-05-09 08:15:25,076 DEBUG   SenderThread:3726 [sender.py:send_request():246] send_request: stop_status
2022-05-09 08:15:40,191 DEBUG   HandlerThread:3726 [handler.py:handle_request():141] handle_request: stop_status
2022-05-09 08:15:40,192 DEBUG   SenderThread:3726 [sender.py:send_request():246] send_request: stop_status
2022-05-09 08:15:58,953 DEBUG   HandlerThread:3726 [handler.py:handle_request():141] handle_request: stop_status
2022-05-09 08:15:58,953 DEBUG   SenderThread:3726 [sender.py:send_request():246] send_request: stop_status
2022-05-09 08:16:14,061 DEBUG   HandlerThread:3726 [handler.py:handle_request():141] handle_request: stop_status
2022-05-09 08:16:14,061 DEBUG   SenderThread:3726 [sender.py:send_request():246] send_request: stop_status
2022-05-09 08:16:29,174 DEBUG   HandlerThread:3726 [handler.py:handle_request():141] handle_request: stop_status
2022-05-09 08:16:29,175 DEBUG   SenderThread:3726 [sender.py:send_request():246] send_request: stop_status
2022-05-09 08:16:44,871 DEBUG   HandlerThread:3726 [handler.py:handle_request():141] handle_request: stop_status
2022-05-09 08:16:44,873 DEBUG   SenderThread:3726 [sender.py:send_request():246] send_request: stop_status
2022-05-09 08:17:00,213 DEBUG   HandlerThread:3726 [handler.py:handle_request():141] handle_request: stop_status
2022-05-09 08:17:00,214 DEBUG   SenderThread:3726 [sender.py:send_request():246] send_request: stop_status
2022-05-09 08:17:15,331 DEBUG   HandlerThread:3726 [handler.py:handle_request():141] handle_request: stop_status
2022-05-09 08:17:15,332 DEBUG   SenderThread:3726 [sender.py:send_request():246] send_request: stop_status
2022-05-09 08:17:30,448 DEBUG   HandlerThread:3726 [handler.py:handle_request():141] handle_request: stop_status
2022-05-09 08:17:30,448 DEBUG   SenderThread:3726 [sender.py:send_request():246] send_request: stop_status
2022-05-09 08:17:45,563 DEBUG   HandlerThread:3726 [handler.py:handle_request():141] handle_request: stop_status
2022-05-09 08:17:45,564 DEBUG   SenderThread:3726 [sender.py:send_request():246] send_request: stop_status
2022-05-09 08:18:01,303 DEBUG   HandlerThread:3726 [handler.py:handle_request():141] handle_request: stop_status
2022-05-09 08:18:01,304 DEBUG   SenderThread:3726 [sender.py:send_request():246] send_request: stop_status
2022-05-09 08:18:16,413 DEBUG   HandlerThread:3726 [handler.py:handle_request():141] handle_request: stop_status
2022-05-09 08:18:16,413 DEBUG   SenderThread:3726 [sender.py:send_request():246] send_request: stop_status
2022-05-09 08:18:31,543 DEBUG   HandlerThread:3726 [handler.py:handle_request():141] handle_request: stop_status
2022-05-09 08:18:31,544 DEBUG   SenderThread:3726 [sender.py:send_request():246] send_request: stop_status
2022-05-09 08:18:46,649 DEBUG   HandlerThread:3726 [handler.py:handle_request():141] handle_request: stop_status
2022-05-09 08:18:46,650 DEBUG   SenderThread:3726 [sender.py:send_request():246] send_request: stop_status
2022-05-09 08:19:01,767 DEBUG   HandlerThread:3726 [handler.py:handle_request():141] handle_request: stop_status
2022-05-09 08:19:01,768 DEBUG   SenderThread:3726 [sender.py:send_request():246] send_request: stop_status
2022-05-09 08:19:16,879 DEBUG   HandlerThread:3726 [handler.py:handle_request():141] handle_request: stop_status
2022-05-09 08:19:16,880 DEBUG   SenderThread:3726 [sender.py:send_request():246] send_request: stop_status
2022-05-09 08:19:31,994 DEBUG   HandlerThread:3726 [handler.py:handle_request():141] handle_request: stop_status
2022-05-09 08:19:31,994 DEBUG   SenderThread:3726 [sender.py:send_request():246] send_request: stop_status
2022-05-09 08:19:47,112 DEBUG   HandlerThread:3726 [handler.py:handle_request():141] handle_request: stop_status
2022-05-09 08:19:47,113 DEBUG   SenderThread:3726 [sender.py:send_request():246] send_request: stop_status
2022-05-09 08:20:02,226 DEBUG   HandlerThread:3726 [handler.py:handle_request():141] handle_request: stop_status
2022-05-09 08:20:02,227 DEBUG   SenderThread:3726 [sender.py:send_request():246] send_request: stop_status
2022-05-09 08:20:17,335 DEBUG   HandlerThread:3726 [handler.py:handle_request():141] handle_request: stop_status
2022-05-09 08:20:17,336 DEBUG   SenderThread:3726 [sender.py:send_request():246] send_request: stop_status
2022-05-09 08:20:32,451 DEBUG   HandlerThread:3726 [handler.py:handle_request():141] handle_request: stop_status
2022-05-09 08:20:32,451 DEBUG   SenderThread:3726 [sender.py:send_request():246] send_request: stop_status
2022-05-09 08:20:47,566 DEBUG   HandlerThread:3726 [handler.py:handle_request():141] handle_request: stop_status
2022-05-09 08:20:47,568 DEBUG   SenderThread:3726 [sender.py:send_request():246] send_request: stop_status
2022-05-09 08:21:02,676 DEBUG   HandlerThread:3726 [handler.py:handle_request():141] handle_request: stop_status
2022-05-09 08:21:02,677 DEBUG   SenderThread:3726 [sender.py:send_request():246] send_request: stop_status
2022-05-09 08:21:17,797 DEBUG   HandlerThread:3726 [handler.py:handle_request():141] handle_request: stop_status
2022-05-09 08:21:17,798 DEBUG   SenderThread:3726 [sender.py:send_request():246] send_request: stop_status
2022-05-09 08:21:32,912 DEBUG   HandlerThread:3726 [handler.py:handle_request():141] handle_request: stop_status
2022-05-09 08:21:32,913 DEBUG   SenderThread:3726 [sender.py:send_request():246] send_request: stop_status
2022-05-09 08:21:48,046 DEBUG   HandlerThread:3726 [handler.py:handle_request():141] handle_request: stop_status
2022-05-09 08:21:48,047 DEBUG   SenderThread:3726 [sender.py:send_request():246] send_request: stop_status
2022-05-09 08:22:03,161 DEBUG   HandlerThread:3726 [handler.py:handle_request():141] handle_request: stop_status
2022-05-09 08:22:03,163 DEBUG   SenderThread:3726 [sender.py:send_request():246] send_request: stop_status
2022-05-09 08:22:18,289 DEBUG   HandlerThread:3726 [handler.py:handle_request():141] handle_request: stop_status
2022-05-09 08:22:18,290 DEBUG   SenderThread:3726 [sender.py:send_request():246] send_request: stop_status
2022-05-09 08:22:33,412 DEBUG   HandlerThread:3726 [handler.py:handle_request():141] handle_request: stop_status
2022-05-09 08:22:33,414 DEBUG   SenderThread:3726 [sender.py:send_request():246] send_request: stop_status
2022-05-09 08:22:48,540 DEBUG   HandlerThread:3726 [handler.py:handle_request():141] handle_request: stop_status
2022-05-09 08:22:48,541 DEBUG   SenderThread:3726 [sender.py:send_request():246] send_request: stop_status
2022-05-09 08:23:03,658 DEBUG   HandlerThread:3726 [handler.py:handle_request():141] handle_request: stop_status
2022-05-09 08:23:03,659 DEBUG   SenderThread:3726 [sender.py:send_request():246] send_request: stop_status
2022-05-09 08:23:18,789 DEBUG   HandlerThread:3726 [handler.py:handle_request():141] handle_request: stop_status
2022-05-09 08:23:18,790 DEBUG   SenderThread:3726 [sender.py:send_request():246] send_request: stop_status
2022-05-09 08:23:33,980 DEBUG   HandlerThread:3726 [handler.py:handle_request():141] handle_request: stop_status
2022-05-09 08:23:33,981 DEBUG   SenderThread:3726 [sender.py:send_request():246] send_request: stop_status
2022-05-09 08:23:49,090 DEBUG   HandlerThread:3726 [handler.py:handle_request():141] handle_request: stop_status
2022-05-09 08:23:49,091 DEBUG   SenderThread:3726 [sender.py:send_request():246] send_request: stop_status
2022-05-09 08:24:04,211 DEBUG   HandlerThread:3726 [handler.py:handle_request():141] handle_request: stop_status
2022-05-09 08:24:04,212 DEBUG   SenderThread:3726 [sender.py:send_request():246] send_request: stop_status
2022-05-09 08:24:19,322 DEBUG   HandlerThread:3726 [handler.py:handle_request():141] handle_request: stop_status
2022-05-09 08:24:19,323 DEBUG   SenderThread:3726 [sender.py:send_request():246] send_request: stop_status
2022-05-09 08:24:34,442 DEBUG   HandlerThread:3726 [handler.py:handle_request():141] handle_request: stop_status
2022-05-09 08:24:34,442 DEBUG   SenderThread:3726 [sender.py:send_request():246] send_request: stop_status
2022-05-09 08:24:49,564 DEBUG   HandlerThread:3726 [handler.py:handle_request():141] handle_request: stop_status
2022-05-09 08:24:49,565 DEBUG   SenderThread:3726 [sender.py:send_request():246] send_request: stop_status
2022-05-09 08:25:04,679 DEBUG   HandlerThread:3726 [handler.py:handle_request():141] handle_request: stop_status
2022-05-09 08:25:04,680 DEBUG   SenderThread:3726 [sender.py:send_request():246] send_request: stop_status
2022-05-09 08:25:20,212 DEBUG   HandlerThread:3726 [handler.py:handle_request():141] handle_request: stop_status
2022-05-09 08:25:20,213 DEBUG   SenderThread:3726 [sender.py:send_request():246] send_request: stop_status
2022-05-09 08:25:35,515 DEBUG   HandlerThread:3726 [handler.py:handle_request():141] handle_request: stop_status
2022-05-09 08:25:35,516 DEBUG   SenderThread:3726 [sender.py:send_request():246] send_request: stop_status
2022-05-09 08:25:50,636 DEBUG   HandlerThread:3726 [handler.py:handle_request():141] handle_request: stop_status
2022-05-09 08:25:50,637 DEBUG   SenderThread:3726 [sender.py:send_request():246] send_request: stop_status
2022-05-09 08:26:05,751 DEBUG   HandlerThread:3726 [handler.py:handle_request():141] handle_request: stop_status
2022-05-09 08:26:05,752 DEBUG   SenderThread:3726 [sender.py:send_request():246] send_request: stop_status
2022-05-09 08:26:20,868 DEBUG   HandlerThread:3726 [handler.py:handle_request():141] handle_request: stop_status
2022-05-09 08:26:20,869 DEBUG   SenderThread:3726 [sender.py:send_request():246] send_request: stop_status
2022-05-09 08:26:36,013 DEBUG   HandlerThread:3726 [handler.py:handle_request():141] handle_request: stop_status
2022-05-09 08:26:36,014 DEBUG   SenderThread:3726 [sender.py:send_request():246] send_request: stop_status
2022-05-09 08:26:51,125 DEBUG   HandlerThread:3726 [handler.py:handle_request():141] handle_request: stop_status
2022-05-09 08:26:51,125 DEBUG   SenderThread:3726 [sender.py:send_request():246] send_request: stop_status
2022-05-09 08:27:06,240 DEBUG   HandlerThread:3726 [handler.py:handle_request():141] handle_request: stop_status
2022-05-09 08:27:06,240 DEBUG   SenderThread:3726 [sender.py:send_request():246] send_request: stop_status
2022-05-09 08:27:21,539 DEBUG   HandlerThread:3726 [handler.py:handle_request():141] handle_request: stop_status
2022-05-09 08:27:21,540 DEBUG   SenderThread:3726 [sender.py:send_request():246] send_request: stop_status
2022-05-09 08:27:36,681 DEBUG   HandlerThread:3726 [handler.py:handle_request():141] handle_request: stop_status
2022-05-09 08:27:36,682 DEBUG   SenderThread:3726 [sender.py:send_request():246] send_request: stop_status
2022-05-09 08:27:52,149 DEBUG   HandlerThread:3726 [handler.py:handle_request():141] handle_request: stop_status
2022-05-09 08:27:52,150 DEBUG   SenderThread:3726 [sender.py:send_request():246] send_request: stop_status
2022-05-09 08:28:07,271 DEBUG   HandlerThread:3726 [handler.py:handle_request():141] handle_request: stop_status
2022-05-09 08:28:07,272 DEBUG   SenderThread:3726 [sender.py:send_request():246] send_request: stop_status
2022-05-09 08:28:22,412 DEBUG   HandlerThread:3726 [handler.py:handle_request():141] handle_request: stop_status
2022-05-09 08:28:22,413 DEBUG   SenderThread:3726 [sender.py:send_request():246] send_request: stop_status
2022-05-09 08:28:37,534 DEBUG   HandlerThread:3726 [handler.py:handle_request():141] handle_request: stop_status
2022-05-09 08:28:37,534 DEBUG   SenderThread:3726 [sender.py:send_request():246] send_request: stop_status
2022-05-09 08:28:52,646 DEBUG   HandlerThread:3726 [handler.py:handle_request():141] handle_request: stop_status
2022-05-09 08:28:52,647 DEBUG   SenderThread:3726 [sender.py:send_request():246] send_request: stop_status
2022-05-09 08:29:07,923 DEBUG   HandlerThread:3726 [handler.py:handle_request():141] handle_request: stop_status
2022-05-09 08:29:07,924 DEBUG   SenderThread:3726 [sender.py:send_request():246] send_request: stop_status
2022-05-09 08:29:23,046 DEBUG   HandlerThread:3726 [handler.py:handle_request():141] handle_request: stop_status
2022-05-09 08:29:23,047 DEBUG   SenderThread:3726 [sender.py:send_request():246] send_request: stop_status
2022-05-09 08:29:38,156 DEBUG   HandlerThread:3726 [handler.py:handle_request():141] handle_request: stop_status
2022-05-09 08:29:38,157 DEBUG   SenderThread:3726 [sender.py:send_request():246] send_request: stop_status
2022-05-09 08:29:53,287 DEBUG   HandlerThread:3726 [handler.py:handle_request():141] handle_request: stop_status
2022-05-09 08:29:53,288 DEBUG   SenderThread:3726 [sender.py:send_request():246] send_request: stop_status
2022-05-09 08:30:08,413 DEBUG   HandlerThread:3726 [handler.py:handle_request():141] handle_request: stop_status
2022-05-09 08:30:08,414 DEBUG   SenderThread:3726 [sender.py:send_request():246] send_request: stop_status
2022-05-09 08:30:23,545 DEBUG   HandlerThread:3726 [handler.py:handle_request():141] handle_request: stop_status
2022-05-09 08:30:23,547 DEBUG   SenderThread:3726 [sender.py:send_request():246] send_request: stop_status
2022-05-09 08:30:39,977 DEBUG   HandlerThread:3726 [handler.py:handle_request():141] handle_request: stop_status
2022-05-09 08:30:39,978 DEBUG   SenderThread:3726 [sender.py:send_request():246] send_request: stop_status
2022-05-09 08:30:55,381 DEBUG   HandlerThread:3726 [handler.py:handle_request():141] handle_request: stop_status
2022-05-09 08:30:55,382 DEBUG   SenderThread:3726 [sender.py:send_request():246] send_request: stop_status
2022-05-09 08:31:10,511 DEBUG   HandlerThread:3726 [handler.py:handle_request():141] handle_request: stop_status
2022-05-09 08:31:10,511 DEBUG   SenderThread:3726 [sender.py:send_request():246] send_request: stop_status
2022-05-09 08:31:25,657 DEBUG   HandlerThread:3726 [handler.py:handle_request():141] handle_request: stop_status
2022-05-09 08:31:25,658 DEBUG   SenderThread:3726 [sender.py:send_request():246] send_request: stop_status
2022-05-09 08:31:40,772 DEBUG   HandlerThread:3726 [handler.py:handle_request():141] handle_request: stop_status
2022-05-09 08:31:40,773 DEBUG   SenderThread:3726 [sender.py:send_request():246] send_request: stop_status
2022-05-09 08:31:55,908 DEBUG   HandlerThread:3726 [handler.py:handle_request():141] handle_request: stop_status
2022-05-09 08:31:55,909 DEBUG   SenderThread:3726 [sender.py:send_request():246] send_request: stop_status
2022-05-09 08:32:11,022 DEBUG   HandlerThread:3726 [handler.py:handle_request():141] handle_request: stop_status
2022-05-09 08:32:11,023 DEBUG   SenderThread:3726 [sender.py:send_request():246] send_request: stop_status
2022-05-09 08:32:26,159 DEBUG   HandlerThread:3726 [handler.py:handle_request():141] handle_request: stop_status
2022-05-09 08:32:26,160 DEBUG   SenderThread:3726 [sender.py:send_request():246] send_request: stop_status
2022-05-09 08:32:41,272 DEBUG   HandlerThread:3726 [handler.py:handle_request():141] handle_request: stop_status
2022-05-09 08:32:41,273 DEBUG   SenderThread:3726 [sender.py:send_request():246] send_request: stop_status
2022-05-09 08:32:56,504 DEBUG   HandlerThread:3726 [handler.py:handle_request():141] handle_request: stop_status
2022-05-09 08:32:56,505 DEBUG   SenderThread:3726 [sender.py:send_request():246] send_request: stop_status
2022-05-09 08:33:11,630 DEBUG   HandlerThread:3726 [handler.py:handle_request():141] handle_request: stop_status
2022-05-09 08:33:11,631 DEBUG   SenderThread:3726 [sender.py:send_request():246] send_request: stop_status
2022-05-09 08:33:26,751 DEBUG   HandlerThread:3726 [handler.py:handle_request():141] handle_request: stop_status
2022-05-09 08:33:26,752 DEBUG   SenderThread:3726 [sender.py:send_request():246] send_request: stop_status
2022-05-09 08:33:41,859 DEBUG   HandlerThread:3726 [handler.py:handle_request():141] handle_request: stop_status
2022-05-09 08:33:41,860 DEBUG   SenderThread:3726 [sender.py:send_request():246] send_request: stop_status
2022-05-09 08:33:57,179 DEBUG   HandlerThread:3726 [handler.py:handle_request():141] handle_request: stop_status
2022-05-09 08:33:57,179 DEBUG   SenderThread:3726 [sender.py:send_request():246] send_request: stop_status
2022-05-09 08:34:12,414 DEBUG   HandlerThread:3726 [handler.py:handle_request():141] handle_request: stop_status
2022-05-09 08:34:12,415 DEBUG   SenderThread:3726 [sender.py:send_request():246] send_request: stop_status
2022-05-09 08:34:27,555 DEBUG   HandlerThread:3726 [handler.py:handle_request():141] handle_request: stop_status
2022-05-09 08:34:27,555 DEBUG   SenderThread:3726 [sender.py:send_request():246] send_request: stop_status
2022-05-09 08:34:42,668 DEBUG   HandlerThread:3726 [handler.py:handle_request():141] handle_request: stop_status
2022-05-09 08:34:42,669 DEBUG   SenderThread:3726 [sender.py:send_request():246] send_request: stop_status
2022-05-09 08:34:57,781 DEBUG   HandlerThread:3726 [handler.py:handle_request():141] handle_request: stop_status
2022-05-09 08:34:57,782 DEBUG   SenderThread:3726 [sender.py:send_request():246] send_request: stop_status
2022-05-09 08:35:13,517 DEBUG   HandlerThread:3726 [handler.py:handle_request():141] handle_request: stop_status
2022-05-09 08:35:13,518 DEBUG   SenderThread:3726 [sender.py:send_request():246] send_request: stop_status
2022-05-09 08:35:28,742 DEBUG   HandlerThread:3726 [handler.py:handle_request():141] handle_request: stop_status
2022-05-09 08:35:28,743 DEBUG   SenderThread:3726 [sender.py:send_request():246] send_request: stop_status
2022-05-09 08:35:43,856 DEBUG   HandlerThread:3726 [handler.py:handle_request():141] handle_request: stop_status
2022-05-09 08:35:43,857 DEBUG   SenderThread:3726 [sender.py:send_request():246] send_request: stop_status
2022-05-09 08:35:59,333 DEBUG   HandlerThread:3726 [handler.py:handle_request():141] handle_request: stop_status
2022-05-09 08:35:59,334 DEBUG   SenderThread:3726 [sender.py:send_request():246] send_request: stop_status
2022-05-09 08:36:14,455 DEBUG   HandlerThread:3726 [handler.py:handle_request():141] handle_request: stop_status
2022-05-09 08:36:14,456 DEBUG   SenderThread:3726 [sender.py:send_request():246] send_request: stop_status
2022-05-09 08:36:29,581 DEBUG   HandlerThread:3726 [handler.py:handle_request():141] handle_request: stop_status
2022-05-09 08:36:29,582 DEBUG   SenderThread:3726 [sender.py:send_request():246] send_request: stop_status
2022-05-09 08:36:44,693 DEBUG   HandlerThread:3726 [handler.py:handle_request():141] handle_request: stop_status
2022-05-09 08:36:44,694 DEBUG   SenderThread:3726 [sender.py:send_request():246] send_request: stop_status
2022-05-09 08:36:59,807 DEBUG   HandlerThread:3726 [handler.py:handle_request():141] handle_request: stop_status
2022-05-09 08:36:59,808 DEBUG   SenderThread:3726 [sender.py:send_request():246] send_request: stop_status
2022-05-09 08:37:14,938 DEBUG   HandlerThread:3726 [handler.py:handle_request():141] handle_request: stop_status
2022-05-09 08:37:14,939 DEBUG   SenderThread:3726 [sender.py:send_request():246] send_request: stop_status
2022-05-09 08:37:30,056 DEBUG   HandlerThread:3726 [handler.py:handle_request():141] handle_request: stop_status
2022-05-09 08:37:30,057 DEBUG   SenderThread:3726 [sender.py:send_request():246] send_request: stop_status
2022-05-09 08:37:45,172 DEBUG   HandlerThread:3726 [handler.py:handle_request():141] handle_request: stop_status
2022-05-09 08:37:45,174 DEBUG   SenderThread:3726 [sender.py:send_request():246] send_request: stop_status
2022-05-09 08:38:00,289 DEBUG   HandlerThread:3726 [handler.py:handle_request():141] handle_request: stop_status
2022-05-09 08:38:00,290 DEBUG   SenderThread:3726 [sender.py:send_request():246] send_request: stop_status
2022-05-09 08:38:15,414 DEBUG   HandlerThread:3726 [handler.py:handle_request():141] handle_request: stop_status
2022-05-09 08:38:15,415 DEBUG   SenderThread:3726 [sender.py:send_request():246] send_request: stop_status
2022-05-09 08:38:30,534 DEBUG   HandlerThread:3726 [handler.py:handle_request():141] handle_request: stop_status
2022-05-09 08:38:30,535 DEBUG   SenderThread:3726 [sender.py:send_request():246] send_request: stop_status
2022-05-09 08:38:45,664 DEBUG   HandlerThread:3726 [handler.py:handle_request():141] handle_request: stop_status
2022-05-09 08:38:45,665 DEBUG   SenderThread:3726 [sender.py:send_request():246] send_request: stop_status
2022-05-09 08:39:00,790 DEBUG   HandlerThread:3726 [handler.py:handle_request():141] handle_request: stop_status
2022-05-09 08:39:00,791 DEBUG   SenderThread:3726 [sender.py:send_request():246] send_request: stop_status
2022-05-09 08:39:15,902 DEBUG   HandlerThread:3726 [handler.py:handle_request():141] handle_request: stop_status
2022-05-09 08:39:15,902 DEBUG   SenderThread:3726 [sender.py:send_request():246] send_request: stop_status
2022-05-09 08:39:31,016 DEBUG   HandlerThread:3726 [handler.py:handle_request():141] handle_request: stop_status
2022-05-09 08:39:31,018 DEBUG   SenderThread:3726 [sender.py:send_request():246] send_request: stop_status
2022-05-09 08:39:46,177 DEBUG   HandlerThread:3726 [handler.py:handle_request():141] handle_request: stop_status
2022-05-09 08:39:46,178 DEBUG   SenderThread:3726 [sender.py:send_request():246] send_request: stop_status
2022-05-09 08:40:01,293 DEBUG   HandlerThread:3726 [handler.py:handle_request():141] handle_request: stop_status
2022-05-09 08:40:01,294 DEBUG   SenderThread:3726 [sender.py:send_request():246] send_request: stop_status
2022-05-09 08:40:16,415 DEBUG   HandlerThread:3726 [handler.py:handle_request():141] handle_request: stop_status
2022-05-09 08:40:16,416 DEBUG   SenderThread:3726 [sender.py:send_request():246] send_request: stop_status
2022-05-09 08:40:31,560 DEBUG   HandlerThread:3726 [handler.py:handle_request():141] handle_request: stop_status
2022-05-09 08:40:31,560 DEBUG   SenderThread:3726 [sender.py:send_request():246] send_request: stop_status
2022-05-09 08:40:46,673 DEBUG   HandlerThread:3726 [handler.py:handle_request():141] handle_request: stop_status
2022-05-09 08:40:46,674 DEBUG   SenderThread:3726 [sender.py:send_request():246] send_request: stop_status
2022-05-09 08:41:01,787 DEBUG   HandlerThread:3726 [handler.py:handle_request():141] handle_request: stop_status
2022-05-09 08:41:01,788 DEBUG   SenderThread:3726 [sender.py:send_request():246] send_request: stop_status
2022-05-09 08:41:16,906 DEBUG   HandlerThread:3726 [handler.py:handle_request():141] handle_request: stop_status
2022-05-09 08:41:16,907 DEBUG   SenderThread:3726 [sender.py:send_request():246] send_request: stop_status
2022-05-09 08:41:32,035 DEBUG   HandlerThread:3726 [handler.py:handle_request():141] handle_request: stop_status
2022-05-09 08:41:32,036 DEBUG   SenderThread:3726 [sender.py:send_request():246] send_request: stop_status
2022-05-09 08:41:47,161 DEBUG   HandlerThread:3726 [handler.py:handle_request():141] handle_request: stop_status
2022-05-09 08:41:47,161 DEBUG   SenderThread:3726 [sender.py:send_request():246] send_request: stop_status
2022-05-09 08:42:02,269 DEBUG   HandlerThread:3726 [handler.py:handle_request():141] handle_request: stop_status
2022-05-09 08:42:02,270 DEBUG   SenderThread:3726 [sender.py:send_request():246] send_request: stop_status
2022-05-09 08:42:17,385 DEBUG   HandlerThread:3726 [handler.py:handle_request():141] handle_request: stop_status
2022-05-09 08:42:17,385 DEBUG   SenderThread:3726 [sender.py:send_request():246] send_request: stop_status
2022-05-09 08:42:32,508 DEBUG   HandlerThread:3726 [handler.py:handle_request():141] handle_request: stop_status
2022-05-09 08:42:32,509 DEBUG   SenderThread:3726 [sender.py:send_request():246] send_request: stop_status
2022-05-09 08:42:47,617 DEBUG   HandlerThread:3726 [handler.py:handle_request():141] handle_request: stop_status
2022-05-09 08:42:47,617 DEBUG   SenderThread:3726 [sender.py:send_request():246] send_request: stop_status
2022-05-09 08:43:02,728 DEBUG   HandlerThread:3726 [handler.py:handle_request():141] handle_request: stop_status
2022-05-09 08:43:02,728 DEBUG   SenderThread:3726 [sender.py:send_request():246] send_request: stop_status
2022-05-09 08:43:17,843 DEBUG   HandlerThread:3726 [handler.py:handle_request():141] handle_request: stop_status
2022-05-09 08:43:17,844 DEBUG   SenderThread:3726 [sender.py:send_request():246] send_request: stop_status
2022-05-09 08:43:32,956 DEBUG   HandlerThread:3726 [handler.py:handle_request():141] handle_request: stop_status
2022-05-09 08:43:32,957 DEBUG   SenderThread:3726 [sender.py:send_request():246] send_request: stop_status
2022-05-09 08:43:48,086 DEBUG   HandlerThread:3726 [handler.py:handle_request():141] handle_request: stop_status
2022-05-09 08:43:48,086 DEBUG   SenderThread:3726 [sender.py:send_request():246] send_request: stop_status
2022-05-09 08:44:03,228 DEBUG   HandlerThread:3726 [handler.py:handle_request():141] handle_request: stop_status
2022-05-09 08:44:03,229 DEBUG   SenderThread:3726 [sender.py:send_request():246] send_request: stop_status
2022-05-09 08:44:18,353 DEBUG   HandlerThread:3726 [handler.py:handle_request():141] handle_request: stop_status
2022-05-09 08:44:18,356 DEBUG   SenderThread:3726 [sender.py:send_request():246] send_request: stop_status
2022-05-09 08:44:33,471 DEBUG   HandlerThread:3726 [handler.py:handle_request():141] handle_request: stop_status
2022-05-09 08:44:33,472 DEBUG   SenderThread:3726 [sender.py:send_request():246] send_request: stop_status
2022-05-09 08:44:48,588 DEBUG   HandlerThread:3726 [handler.py:handle_request():141] handle_request: stop_status
2022-05-09 08:44:48,591 DEBUG   SenderThread:3726 [sender.py:send_request():246] send_request: stop_status
2022-05-09 08:45:03,707 DEBUG   HandlerThread:3726 [handler.py:handle_request():141] handle_request: stop_status
2022-05-09 08:45:03,708 DEBUG   SenderThread:3726 [sender.py:send_request():246] send_request: stop_status
2022-05-09 08:45:18,819 DEBUG   HandlerThread:3726 [handler.py:handle_request():141] handle_request: stop_status
2022-05-09 08:45:18,821 DEBUG   SenderThread:3726 [sender.py:send_request():246] send_request: stop_status
2022-05-09 08:45:33,961 DEBUG   HandlerThread:3726 [handler.py:handle_request():141] handle_request: stop_status
2022-05-09 08:45:33,961 DEBUG   SenderThread:3726 [sender.py:send_request():246] send_request: stop_status
2022-05-09 08:45:43,923 DEBUG   HandlerThread:3726 [handler.py:handle_request():141] handle_request: resume
2022-05-09 08:45:43,923 INFO    HandlerThread:3726 [handler.py:handle_request_resume():686] starting system metrics thread
2022-05-09 08:45:43,933 DEBUG   HandlerThread:3726 [handler.py:handle_request():141] handle_request: pause
2022-05-09 08:45:43,934 INFO    HandlerThread:3726 [handler.py:handle_request_pause():695] stopping system metrics thread
2022-05-09 08:45:43,975 DEBUG   SenderThread:3726 [sender.py:send():232] send: stats
2022-05-09 08:45:49,086 DEBUG   HandlerThread:3726 [handler.py:handle_request():141] handle_request: stop_status
2022-05-09 08:45:49,087 DEBUG   SenderThread:3726 [sender.py:send_request():246] send_request: stop_status
2022-05-09 08:45:56,527 DEBUG   HandlerThread:3726 [handler.py:handle_request():141] handle_request: resume
2022-05-09 08:45:56,528 INFO    HandlerThread:3726 [handler.py:handle_request_resume():686] starting system metrics thread
2022-05-09 08:46:03,764 DEBUG   HandlerThread:3726 [handler.py:handle_request():141] handle_request: pause
2022-05-09 08:46:03,764 INFO    HandlerThread:3726 [handler.py:handle_request_pause():695] stopping system metrics thread
2022-05-09 08:46:03,817 DEBUG   SenderThread:3726 [sender.py:send():232] send: stats
2022-05-09 08:46:04,207 DEBUG   HandlerThread:3726 [handler.py:handle_request():141] handle_request: stop_status
2022-05-09 08:46:04,208 DEBUG   SenderThread:3726 [sender.py:send_request():246] send_request: stop_status
2022-05-09 08:46:05,099 INFO    Thread-7  :3726 [dir_watcher.py:_on_file_modified():257] file/dir modified: /home/ubuntu/NLP-brain-biased-robustness/evaluation/wandb/run-20220509_070414-2m7zexwu/files/output.log
2022-05-09 08:46:19,317 DEBUG   HandlerThread:3726 [handler.py:handle_request():141] handle_request: stop_status
2022-05-09 08:46:19,317 DEBUG   SenderThread:3726 [sender.py:send_request():246] send_request: stop_status
2022-05-09 08:46:34,434 DEBUG   HandlerThread:3726 [handler.py:handle_request():141] handle_request: stop_status
2022-05-09 08:46:34,436 DEBUG   SenderThread:3726 [sender.py:send_request():246] send_request: stop_status
2022-05-09 08:46:49,576 DEBUG   HandlerThread:3726 [handler.py:handle_request():141] handle_request: stop_status
2022-05-09 08:46:49,577 DEBUG   SenderThread:3726 [sender.py:send_request():246] send_request: stop_status
2022-05-09 08:47:04,689 DEBUG   HandlerThread:3726 [handler.py:handle_request():141] handle_request: stop_status
2022-05-09 08:47:04,689 DEBUG   SenderThread:3726 [sender.py:send_request():246] send_request: stop_status
2022-05-09 08:47:19,949 DEBUG   HandlerThread:3726 [handler.py:handle_request():141] handle_request: stop_status
2022-05-09 08:47:19,950 DEBUG   SenderThread:3726 [sender.py:send_request():246] send_request: stop_status
2022-05-09 08:47:35,088 DEBUG   HandlerThread:3726 [handler.py:handle_request():141] handle_request: stop_status
2022-05-09 08:47:35,089 DEBUG   SenderThread:3726 [sender.py:send_request():246] send_request: stop_status
2022-05-09 08:47:50,295 DEBUG   HandlerThread:3726 [handler.py:handle_request():141] handle_request: stop_status
2022-05-09 08:47:50,295 DEBUG   SenderThread:3726 [sender.py:send_request():246] send_request: stop_status
2022-05-09 08:48:05,408 DEBUG   HandlerThread:3726 [handler.py:handle_request():141] handle_request: stop_status
2022-05-09 08:48:05,409 DEBUG   SenderThread:3726 [sender.py:send_request():246] send_request: stop_status
2022-05-09 08:48:20,567 DEBUG   HandlerThread:3726 [handler.py:handle_request():141] handle_request: stop_status
2022-05-09 08:48:20,567 DEBUG   SenderThread:3726 [sender.py:send_request():246] send_request: stop_status
2022-05-09 08:48:35,688 DEBUG   HandlerThread:3726 [handler.py:handle_request():141] handle_request: stop_status
2022-05-09 08:48:35,689 DEBUG   SenderThread:3726 [sender.py:send_request():246] send_request: stop_status
2022-05-09 08:48:50,803 DEBUG   HandlerThread:3726 [handler.py:handle_request():141] handle_request: stop_status
2022-05-09 08:48:50,803 DEBUG   SenderThread:3726 [sender.py:send_request():246] send_request: stop_status
2022-05-09 08:49:05,922 DEBUG   HandlerThread:3726 [handler.py:handle_request():141] handle_request: stop_status
2022-05-09 08:49:05,923 DEBUG   SenderThread:3726 [sender.py:send_request():246] send_request: stop_status
2022-05-09 08:49:21,059 DEBUG   HandlerThread:3726 [handler.py:handle_request():141] handle_request: stop_status
2022-05-09 08:49:21,059 DEBUG   SenderThread:3726 [sender.py:send_request():246] send_request: stop_status
2022-05-09 08:49:36,174 DEBUG   HandlerThread:3726 [handler.py:handle_request():141] handle_request: stop_status
2022-05-09 08:49:36,175 DEBUG   SenderThread:3726 [sender.py:send_request():246] send_request: stop_status
2022-05-09 08:49:51,285 DEBUG   HandlerThread:3726 [handler.py:handle_request():141] handle_request: stop_status
2022-05-09 08:49:51,286 DEBUG   SenderThread:3726 [sender.py:send_request():246] send_request: stop_status
2022-05-09 08:50:06,403 DEBUG   HandlerThread:3726 [handler.py:handle_request():141] handle_request: stop_status
2022-05-09 08:50:06,403 DEBUG   SenderThread:3726 [sender.py:send_request():246] send_request: stop_status
2022-05-09 08:50:21,516 DEBUG   HandlerThread:3726 [handler.py:handle_request():141] handle_request: stop_status
2022-05-09 08:50:21,517 DEBUG   SenderThread:3726 [sender.py:send_request():246] send_request: stop_status
2022-05-09 08:50:36,673 DEBUG   HandlerThread:3726 [handler.py:handle_request():141] handle_request: stop_status
2022-05-09 08:50:36,674 DEBUG   SenderThread:3726 [sender.py:send_request():246] send_request: stop_status
2022-05-09 08:50:52,039 DEBUG   HandlerThread:3726 [handler.py:handle_request():141] handle_request: stop_status
2022-05-09 08:50:52,040 DEBUG   SenderThread:3726 [sender.py:send_request():246] send_request: stop_status
2022-05-09 08:51:07,186 DEBUG   HandlerThread:3726 [handler.py:handle_request():141] handle_request: stop_status
2022-05-09 08:51:07,187 DEBUG   SenderThread:3726 [sender.py:send_request():246] send_request: stop_status
2022-05-09 08:51:21,222 DEBUG   HandlerThread:3726 [handler.py:handle_request():141] handle_request: resume
2022-05-09 08:51:21,222 INFO    HandlerThread:3726 [handler.py:handle_request_resume():686] starting system metrics thread
2022-05-09 08:51:22,328 DEBUG   HandlerThread:3726 [handler.py:handle_request():141] handle_request: stop_status
2022-05-09 08:51:22,336 DEBUG   SenderThread:3726 [sender.py:send_request():246] send_request: stop_status
2022-05-09 08:51:28,364 INFO    Thread-7  :3726 [dir_watcher.py:_on_file_modified():257] file/dir modified: /home/ubuntu/NLP-brain-biased-robustness/evaluation/wandb/run-20220509_070414-2m7zexwu/files/output.log
2022-05-09 08:51:29,133 DEBUG   HandlerThread:3726 [handler.py:handle_request():141] handle_request: pause
2022-05-09 08:51:29,134 INFO    HandlerThread:3726 [handler.py:handle_request_pause():695] stopping system metrics thread
2022-05-09 08:51:29,240 DEBUG   SenderThread:3726 [sender.py:send():232] send: stats
2022-05-09 08:51:37,590 DEBUG   HandlerThread:3726 [handler.py:handle_request():141] handle_request: stop_status
2022-05-09 08:51:37,591 DEBUG   SenderThread:3726 [sender.py:send_request():246] send_request: stop_status
2022-05-09 08:51:52,699 DEBUG   HandlerThread:3726 [handler.py:handle_request():141] handle_request: stop_status
2022-05-09 08:51:52,700 DEBUG   SenderThread:3726 [sender.py:send_request():246] send_request: stop_status
2022-05-09 08:52:12,700 DEBUG   HandlerThread:3726 [handler.py:handle_request():141] handle_request: stop_status
2022-05-09 08:52:24,704 WARNING MainThread:3726 [internal.py:wandb_internal():153] Internal process interrupt: 1
2022-05-09 08:52:26,342 ERROR   SenderThread:3726 [retry.py:__call__():126] Retry attempt failed:
Traceback (most recent call last):
  File "/home/ubuntu/environments/my_env/lib/python3.8/site-packages/urllib3/connectionpool.py", line 449, in _make_request
    six.raise_from(e, None)
  File "<string>", line 3, in raise_from
  File "/home/ubuntu/environments/my_env/lib/python3.8/site-packages/urllib3/connectionpool.py", line 444, in _make_request
    httplib_response = conn.getresponse()
  File "/usr/lib/python3.8/http/client.py", line 1348, in getresponse
    response.begin()
  File "/usr/lib/python3.8/http/client.py", line 316, in begin
    version, status, reason = self._read_status()
  File "/usr/lib/python3.8/http/client.py", line 277, in _read_status
    line = str(self.fp.readline(_MAXLINE + 1), "iso-8859-1")
  File "/usr/lib/python3.8/socket.py", line 669, in readinto
    return self._sock.recv_into(b)
  File "/usr/lib/python3.8/ssl.py", line 1241, in recv_into
    return self.read(nbytes, buffer)
  File "/usr/lib/python3.8/ssl.py", line 1099, in read
    return self._sslobj.read(len, buffer)
socket.timeout: The read operation timed out

During handling of the above exception, another exception occurred:

Traceback (most recent call last):
  File "/home/ubuntu/environments/my_env/lib/python3.8/site-packages/requests/adapters.py", line 440, in send
    resp = conn.urlopen(
  File "/home/ubuntu/environments/my_env/lib/python3.8/site-packages/urllib3/connectionpool.py", line 785, in urlopen
    retries = retries.increment(
  File "/home/ubuntu/environments/my_env/lib/python3.8/site-packages/urllib3/util/retry.py", line 550, in increment
    raise six.reraise(type(error), error, _stacktrace)
  File "/home/ubuntu/environments/my_env/lib/python3.8/site-packages/urllib3/packages/six.py", line 770, in reraise
    raise value
  File "/home/ubuntu/environments/my_env/lib/python3.8/site-packages/urllib3/connectionpool.py", line 703, in urlopen
    httplib_response = self._make_request(
  File "/home/ubuntu/environments/my_env/lib/python3.8/site-packages/urllib3/connectionpool.py", line 451, in _make_request
    self._raise_timeout(err=e, url=url, timeout_value=read_timeout)
  File "/home/ubuntu/environments/my_env/lib/python3.8/site-packages/urllib3/connectionpool.py", line 340, in _raise_timeout
    raise ReadTimeoutError(
urllib3.exceptions.ReadTimeoutError: HTTPSConnectionPool(host='api.wandb.ai', port=443): Read timed out. (read timeout=10)

During handling of the above exception, another exception occurred:

Traceback (most recent call last):
  File "/home/ubuntu/environments/my_env/lib/python3.8/site-packages/wandb/sdk/lib/retry.py", line 102, in __call__
    result = self._call_fn(*args, **kwargs)
  File "/home/ubuntu/environments/my_env/lib/python3.8/site-packages/wandb/sdk/internal/internal_api.py", line 140, in execute
    return self.client.execute(*args, **kwargs)
  File "/home/ubuntu/environments/my_env/lib/python3.8/site-packages/wandb/vendor/gql-0.2.0/wandb_gql/client.py", line 52, in execute
    result = self._get_result(document, *args, **kwargs)
  File "/home/ubuntu/environments/my_env/lib/python3.8/site-packages/wandb/vendor/gql-0.2.0/wandb_gql/client.py", line 60, in _get_result
    return self.transport.execute(document, *args, **kwargs)
  File "/home/ubuntu/environments/my_env/lib/python3.8/site-packages/wandb/vendor/gql-0.2.0/wandb_gql/transport/requests.py", line 38, in execute
    request = requests.post(self.url, **post_args)
  File "/home/ubuntu/environments/my_env/lib/python3.8/site-packages/requests/api.py", line 117, in post
    return request('post', url, data=data, json=json, **kwargs)
  File "/home/ubuntu/environments/my_env/lib/python3.8/site-packages/requests/api.py", line 61, in request
    return session.request(method=method, url=url, **kwargs)
  File "/home/ubuntu/environments/my_env/lib/python3.8/site-packages/requests/sessions.py", line 529, in request
    resp = self.send(prep, **send_kwargs)
  File "/home/ubuntu/environments/my_env/lib/python3.8/site-packages/requests/sessions.py", line 645, in send
    r = adapter.send(request, **kwargs)
  File "/home/ubuntu/environments/my_env/lib/python3.8/site-packages/requests/adapters.py", line 532, in send
    raise ReadTimeout(e, request=request)
requests.exceptions.ReadTimeout: HTTPSConnectionPool(host='api.wandb.ai', port=443): Read timed out. (read timeout=10)
2022-05-09 08:52:28,405 INFO    Thread-7  :3726 [dir_watcher.py:_on_file_modified():257] file/dir modified: /home/ubuntu/NLP-brain-biased-robustness/evaluation/wandb/run-20220509_070414-2m7zexwu/files/output.log
2022-05-09 08:52:32,702 DEBUG   HandlerThread:3726 [handler.py:handle_request():141] handle_request: stop_status
2022-05-09 08:52:35,279 DEBUG   HandlerThread:3726 [handler.py:handle_request():141] handle_request: resume
2022-05-09 08:52:35,279 INFO    HandlerThread:3726 [handler.py:handle_request_resume():686] starting system metrics thread
2022-05-09 08:52:37,485 DEBUG   HandlerThread:3726 [handler.py:handle_request():141] handle_request: pause
2022-05-09 08:52:37,486 INFO    HandlerThread:3726 [handler.py:handle_request_pause():695] stopping system metrics thread
2022-05-09 08:52:40,414 INFO    Thread-7  :3726 [dir_watcher.py:_on_file_modified():257] file/dir modified: /home/ubuntu/NLP-brain-biased-robustness/evaluation/wandb/run-20220509_070414-2m7zexwu/files/output.log
2022-05-09 08:52:52,703 DEBUG   HandlerThread:3726 [handler.py:handle_request():141] handle_request: stop_status
2022-05-09 08:52:54,289 WARNING FileStreamThread:3726 [file_stream.py:request_with_retry():593] requests_with_retry encountered retryable exception: 500 Server Error: Internal Server Error for url: https://api.wandb.ai/files/nlp-brain-biased-robustness/preliminary%20results%20just%20in%20case/2m7zexwu/file_stream. func: <bound method Session.post of <requests.sessions.Session object at 0x7fed7d8d1df0>>, args: ('https://api.wandb.ai/files/nlp-brain-biased-robustness/preliminary results just in case/2m7zexwu/file_stream',), kwargs: {'json': {'files': {'wandb-events.jsonl': {'offset': 11, 'content': ['{"system.gpu.0.gpu": 0.0, "system.gpu.0.memory": 0.0, "system.gpu.0.memoryAllocated": 24.04, "system.gpu.0.temp": 49.0, "system.gpu.process.0.gpu": 0.0, "system.gpu.process.0.memory": 0.0, "system.gpu.process.0.memoryAllocated": 24.04, "system.gpu.process.0.temp": 49.0, "system.gpu.0.powerWatts": 28.49, "system.gpu.0.powerPercent": 40.7, "system.gpu.process.0.powerWatts": 28.49, "system.gpu.process.0.powerPercent": 40.7, "system.cpu": 21.2, "system.memory": 28.75, "system.disk": 96.3, "system.proc.memory.availableMB": 13925.78, "system.proc.memory.rssMB": 110.8, "system.proc.memory.percent": 0.57, "system.proc.cpu.threads": 12.0, "system.network.sent": 34418518, "system.network.recv": 78478171, "_wandb": true, "_timestamp": 1652086289, "_runtime": 6435}']}}, 'dropped': 0}}
2022-05-09 08:52:59,064 DEBUG   SenderThread:3726 [sender.py:send_request():246] send_request: stop_status
2022-05-09 08:53:12,704 DEBUG   HandlerThread:3726 [handler.py:handle_request():141] handle_request: stop_status
2022-05-09 08:53:14,322 DEBUG   SenderThread:3726 [sender.py:send_request():246] send_request: stop_status
2022-05-09 08:53:16,133 DEBUG   SenderThread:3726 [sender.py:send():232] send: stats
2022-05-09 08:53:16,135 DEBUG   SenderThread:3726 [sender.py:send_request():246] send_request: stop_status
2022-05-09 08:53:18,588 DEBUG   SenderThread:3726 [sender.py:send_request():246] send_request: stop_status
2022-05-09 08:53:32,704 DEBUG   HandlerThread:3726 [handler.py:handle_request():141] handle_request: stop_status
2022-05-09 08:53:32,705 DEBUG   SenderThread:3726 [sender.py:send_request():246] send_request: stop_status
2022-05-09 08:53:48,428 DEBUG   HandlerThread:3726 [handler.py:handle_request():141] handle_request: stop_status
2022-05-09 08:53:48,428 DEBUG   SenderThread:3726 [sender.py:send_request():246] send_request: stop_status
2022-05-09 08:54:03,782 DEBUG   HandlerThread:3726 [handler.py:handle_request():141] handle_request: stop_status
2022-05-09 08:54:03,783 DEBUG   SenderThread:3726 [sender.py:send_request():246] send_request: stop_status
2022-05-09 08:54:18,902 DEBUG   HandlerThread:3726 [handler.py:handle_request():141] handle_request: stop_status
2022-05-09 08:54:18,902 DEBUG   SenderThread:3726 [sender.py:send_request():246] send_request: stop_status
2022-05-09 08:54:34,297 DEBUG   HandlerThread:3726 [handler.py:handle_request():141] handle_request: stop_status
2022-05-09 08:54:34,298 DEBUG   SenderThread:3726 [sender.py:send_request():246] send_request: stop_status
2022-05-09 08:54:49,433 DEBUG   HandlerThread:3726 [handler.py:handle_request():141] handle_request: stop_status
2022-05-09 08:54:49,434 DEBUG   SenderThread:3726 [sender.py:send_request():246] send_request: stop_status
2022-05-09 08:55:04,565 DEBUG   HandlerThread:3726 [handler.py:handle_request():141] handle_request: stop_status
2022-05-09 08:55:04,566 DEBUG   SenderThread:3726 [sender.py:send_request():246] send_request: stop_status
2022-05-09 08:55:19,681 DEBUG   HandlerThread:3726 [handler.py:handle_request():141] handle_request: stop_status
2022-05-09 08:55:19,682 DEBUG   SenderThread:3726 [sender.py:send_request():246] send_request: stop_status
2022-05-09 08:55:34,795 DEBUG   HandlerThread:3726 [handler.py:handle_request():141] handle_request: stop_status
2022-05-09 08:55:34,796 DEBUG   SenderThread:3726 [sender.py:send_request():246] send_request: stop_status
2022-05-09 08:55:49,931 DEBUG   HandlerThread:3726 [handler.py:handle_request():141] handle_request: stop_status
2022-05-09 08:55:49,932 DEBUG   SenderThread:3726 [sender.py:send_request():246] send_request: stop_status
2022-05-09 08:55:55,950 DEBUG   HandlerThread:3726 [handler.py:handle_request():141] handle_request: resume
2022-05-09 08:55:55,950 INFO    HandlerThread:3726 [handler.py:handle_request_resume():686] starting system metrics thread
2022-05-09 08:56:00,553 INFO    Thread-7  :3726 [dir_watcher.py:_on_file_modified():257] file/dir modified: /home/ubuntu/NLP-brain-biased-robustness/evaluation/wandb/run-20220509_070414-2m7zexwu/files/output.log
2022-05-09 08:56:01,553 INFO    Thread-7  :3726 [dir_watcher.py:_on_file_modified():257] file/dir modified: /home/ubuntu/NLP-brain-biased-robustness/evaluation/wandb/run-20220509_070414-2m7zexwu/files/output.log
2022-05-09 08:56:03,554 INFO    Thread-7  :3726 [dir_watcher.py:_on_file_modified():257] file/dir modified: /home/ubuntu/NLP-brain-biased-robustness/evaluation/wandb/run-20220509_070414-2m7zexwu/files/output.log
2022-05-09 08:56:04,311 DEBUG   HandlerThread:3726 [handler.py:handle_request():141] handle_request: pause
2022-05-09 08:56:04,311 INFO    HandlerThread:3726 [handler.py:handle_request_pause():695] stopping system metrics thread
2022-05-09 08:56:04,373 DEBUG   SenderThread:3726 [sender.py:send():232] send: stats
2022-05-09 08:56:06,292 DEBUG   HandlerThread:3726 [handler.py:handle_request():141] handle_request: stop_status
2022-05-09 08:56:06,293 DEBUG   SenderThread:3726 [sender.py:send_request():246] send_request: stop_status
2022-05-09 08:56:06,556 INFO    Thread-7  :3726 [dir_watcher.py:_on_file_modified():257] file/dir modified: /home/ubuntu/NLP-brain-biased-robustness/evaluation/wandb/run-20220509_070414-2m7zexwu/files/output.log
2022-05-09 08:56:08,558 INFO    Thread-7  :3726 [dir_watcher.py:_on_file_modified():257] file/dir modified: /home/ubuntu/NLP-brain-biased-robustness/evaluation/wandb/run-20220509_070414-2m7zexwu/files/output.log
2022-05-09 08:56:23,926 DEBUG   HandlerThread:3726 [handler.py:handle_request():141] handle_request: stop_status
2022-05-09 08:56:23,926 DEBUG   SenderThread:3726 [sender.py:send_request():246] send_request: stop_status
2022-05-09 08:56:40,790 DEBUG   HandlerThread:3726 [handler.py:handle_request():141] handle_request: stop_status
2022-05-09 08:56:40,791 DEBUG   SenderThread:3726 [sender.py:send_request():246] send_request: stop_status
2022-05-09 08:56:55,902 DEBUG   HandlerThread:3726 [handler.py:handle_request():141] handle_request: stop_status
2022-05-09 08:56:55,903 DEBUG   SenderThread:3726 [sender.py:send_request():246] send_request: stop_status
2022-05-09 08:57:11,015 DEBUG   HandlerThread:3726 [handler.py:handle_request():141] handle_request: stop_status
2022-05-09 08:57:11,016 DEBUG   SenderThread:3726 [sender.py:send_request():246] send_request: stop_status
2022-05-09 08:57:26,690 DEBUG   HandlerThread:3726 [handler.py:handle_request():141] handle_request: stop_status
2022-05-09 08:57:26,693 DEBUG   SenderThread:3726 [sender.py:send_request():246] send_request: stop_status
2022-05-09 08:57:41,807 DEBUG   HandlerThread:3726 [handler.py:handle_request():141] handle_request: stop_status
2022-05-09 08:57:41,808 DEBUG   SenderThread:3726 [sender.py:send_request():246] send_request: stop_status
2022-05-09 08:57:42,705 DEBUG   HandlerThread:3726 [handler.py:handle_request():141] handle_request: resume
2022-05-09 08:57:42,705 INFO    HandlerThread:3726 [handler.py:handle_request_resume():686] starting system metrics thread
2022-05-09 08:57:46,617 INFO    Thread-7  :3726 [dir_watcher.py:_on_file_modified():257] file/dir modified: /home/ubuntu/NLP-brain-biased-robustness/evaluation/wandb/run-20220509_070414-2m7zexwu/files/output.log
2022-05-09 08:57:48,618 INFO    Thread-7  :3726 [dir_watcher.py:_on_file_modified():257] file/dir modified: /home/ubuntu/NLP-brain-biased-robustness/evaluation/wandb/run-20220509_070414-2m7zexwu/files/output.log
2022-05-09 08:57:51,621 INFO    Thread-7  :3726 [dir_watcher.py:_on_file_modified():257] file/dir modified: /home/ubuntu/NLP-brain-biased-robustness/evaluation/wandb/run-20220509_070414-2m7zexwu/files/output.log
2022-05-09 08:57:52,842 DEBUG   HandlerThread:3726 [handler.py:handle_request():141] handle_request: pause
2022-05-09 08:57:52,843 INFO    HandlerThread:3726 [handler.py:handle_request_pause():695] stopping system metrics thread
2022-05-09 08:57:52,958 DEBUG   SenderThread:3726 [sender.py:send():232] send: stats
2022-05-09 08:57:54,623 INFO    Thread-7  :3726 [dir_watcher.py:_on_file_modified():257] file/dir modified: /home/ubuntu/NLP-brain-biased-robustness/evaluation/wandb/run-20220509_070414-2m7zexwu/files/output.log
2022-05-09 08:57:56,625 INFO    Thread-7  :3726 [dir_watcher.py:_on_file_modified():257] file/dir modified: /home/ubuntu/NLP-brain-biased-robustness/evaluation/wandb/run-20220509_070414-2m7zexwu/files/output.log
2022-05-09 08:57:56,923 DEBUG   HandlerThread:3726 [handler.py:handle_request():141] handle_request: stop_status
2022-05-09 08:57:56,924 DEBUG   SenderThread:3726 [sender.py:send_request():246] send_request: stop_status
2022-05-09 08:58:12,045 DEBUG   HandlerThread:3726 [handler.py:handle_request():141] handle_request: stop_status
2022-05-09 08:58:12,046 DEBUG   SenderThread:3726 [sender.py:send_request():246] send_request: stop_status
2022-05-09 08:58:27,175 DEBUG   HandlerThread:3726 [handler.py:handle_request():141] handle_request: stop_status
2022-05-09 08:58:27,176 DEBUG   SenderThread:3726 [sender.py:send_request():246] send_request: stop_status
2022-05-09 08:58:42,491 DEBUG   HandlerThread:3726 [handler.py:handle_request():141] handle_request: stop_status
2022-05-09 08:58:42,492 DEBUG   SenderThread:3726 [sender.py:send_request():246] send_request: stop_status
2022-05-09 08:58:48,779 DEBUG   HandlerThread:3726 [handler.py:handle_request():141] handle_request: resume
2022-05-09 08:58:48,780 INFO    HandlerThread:3726 [handler.py:handle_request_resume():686] starting system metrics thread
2022-05-09 08:58:49,537 DEBUG   HandlerThread:3726 [handler.py:handle_request():141] handle_request: pause
2022-05-09 08:58:49,537 INFO    HandlerThread:3726 [handler.py:handle_request_pause():695] stopping system metrics thread
2022-05-09 08:58:49,623 DEBUG   SenderThread:3726 [sender.py:send():232] send: stats
2022-05-09 08:58:57,603 DEBUG   HandlerThread:3726 [handler.py:handle_request():141] handle_request: stop_status
2022-05-09 08:58:57,604 DEBUG   SenderThread:3726 [sender.py:send_request():246] send_request: stop_status
2022-05-09 08:59:12,717 DEBUG   HandlerThread:3726 [handler.py:handle_request():141] handle_request: stop_status
2022-05-09 08:59:12,718 DEBUG   SenderThread:3726 [sender.py:send_request():246] send_request: stop_status
2022-05-09 08:59:28,082 DEBUG   HandlerThread:3726 [handler.py:handle_request():141] handle_request: stop_status
2022-05-09 08:59:28,083 DEBUG   SenderThread:3726 [sender.py:send_request():246] send_request: stop_status
2022-05-09 08:59:43,192 DEBUG   HandlerThread:3726 [handler.py:handle_request():141] handle_request: stop_status
2022-05-09 08:59:43,193 DEBUG   SenderThread:3726 [sender.py:send_request():246] send_request: stop_status
2022-05-09 08:59:58,326 DEBUG   HandlerThread:3726 [handler.py:handle_request():141] handle_request: stop_status
2022-05-09 08:59:58,326 DEBUG   SenderThread:3726 [sender.py:send_request():246] send_request: stop_status
2022-05-09 09:00:13,442 DEBUG   HandlerThread:3726 [handler.py:handle_request():141] handle_request: stop_status
2022-05-09 09:00:13,443 DEBUG   SenderThread:3726 [sender.py:send_request():246] send_request: stop_status
2022-05-09 09:00:28,590 DEBUG   HandlerThread:3726 [handler.py:handle_request():141] handle_request: stop_status
2022-05-09 09:00:28,591 DEBUG   SenderThread:3726 [sender.py:send_request():246] send_request: stop_status
2022-05-09 09:00:43,706 DEBUG   HandlerThread:3726 [handler.py:handle_request():141] handle_request: stop_status
2022-05-09 09:00:43,706 DEBUG   SenderThread:3726 [sender.py:send_request():246] send_request: stop_status
2022-05-09 09:00:59,114 DEBUG   HandlerThread:3726 [handler.py:handle_request():141] handle_request: stop_status
2022-05-09 09:00:59,115 DEBUG   SenderThread:3726 [sender.py:send_request():246] send_request: stop_status
2022-05-09 09:01:14,229 DEBUG   HandlerThread:3726 [handler.py:handle_request():141] handle_request: stop_status
2022-05-09 09:01:14,230 DEBUG   SenderThread:3726 [sender.py:send_request():246] send_request: stop_status
2022-05-09 09:01:29,609 DEBUG   HandlerThread:3726 [handler.py:handle_request():141] handle_request: stop_status
2022-05-09 09:01:29,610 DEBUG   SenderThread:3726 [sender.py:send_request():246] send_request: stop_status
2022-05-09 09:01:44,725 DEBUG   HandlerThread:3726 [handler.py:handle_request():141] handle_request: stop_status
2022-05-09 09:01:44,726 DEBUG   SenderThread:3726 [sender.py:send_request():246] send_request: stop_status
2022-05-09 09:01:59,864 DEBUG   HandlerThread:3726 [handler.py:handle_request():141] handle_request: stop_status
2022-05-09 09:01:59,865 DEBUG   SenderThread:3726 [sender.py:send_request():246] send_request: stop_status
2022-05-09 09:02:14,978 DEBUG   HandlerThread:3726 [handler.py:handle_request():141] handle_request: stop_status
2022-05-09 09:02:14,979 DEBUG   SenderThread:3726 [sender.py:send_request():246] send_request: stop_status
2022-05-09 09:02:16,933 DEBUG   HandlerThread:3726 [handler.py:handle_request():141] handle_request: resume
2022-05-09 09:02:16,934 INFO    HandlerThread:3726 [handler.py:handle_request_resume():686] starting system metrics thread
2022-05-09 09:02:16,935 DEBUG   HandlerThread:3726 [handler.py:handle_request():141] handle_request: pause
2022-05-09 09:02:16,935 INFO    HandlerThread:3726 [handler.py:handle_request_pause():695] stopping system metrics thread
2022-05-09 09:02:16,968 DEBUG   SenderThread:3726 [sender.py:send():232] send: stats
2022-05-09 09:02:30,403 DEBUG   HandlerThread:3726 [handler.py:handle_request():141] handle_request: stop_status
2022-05-09 09:02:30,404 DEBUG   SenderThread:3726 [sender.py:send_request():246] send_request: stop_status
2022-05-09 09:02:45,517 DEBUG   HandlerThread:3726 [handler.py:handle_request():141] handle_request: stop_status
2022-05-09 09:02:45,518 DEBUG   SenderThread:3726 [sender.py:send_request():246] send_request: stop_status
2022-05-09 09:03:00,625 DEBUG   HandlerThread:3726 [handler.py:handle_request():141] handle_request: stop_status
2022-05-09 09:03:00,626 DEBUG   SenderThread:3726 [sender.py:send_request():246] send_request: stop_status
2022-05-09 09:03:15,737 DEBUG   HandlerThread:3726 [handler.py:handle_request():141] handle_request: stop_status
2022-05-09 09:03:15,738 DEBUG   SenderThread:3726 [sender.py:send_request():246] send_request: stop_status
2022-05-09 09:03:27,472 DEBUG   HandlerThread:3726 [handler.py:handle_request():141] handle_request: resume
2022-05-09 09:03:27,473 INFO    HandlerThread:3726 [handler.py:handle_request_resume():686] starting system metrics thread
2022-05-09 09:03:28,114 DEBUG   HandlerThread:3726 [handler.py:handle_request():141] handle_request: pause
2022-05-09 09:03:28,114 INFO    HandlerThread:3726 [handler.py:handle_request_pause():695] stopping system metrics thread
2022-05-09 09:03:28,217 DEBUG   SenderThread:3726 [sender.py:send():232] send: stats
2022-05-09 09:03:31,308 DEBUG   HandlerThread:3726 [handler.py:handle_request():141] handle_request: stop_status
2022-05-09 09:03:31,309 DEBUG   SenderThread:3726 [sender.py:send_request():246] send_request: stop_status
2022-05-09 09:03:46,438 DEBUG   HandlerThread:3726 [handler.py:handle_request():141] handle_request: stop_status
2022-05-09 09:03:46,438 DEBUG   SenderThread:3726 [sender.py:send_request():246] send_request: stop_status
2022-05-09 09:04:01,552 DEBUG   HandlerThread:3726 [handler.py:handle_request():141] handle_request: stop_status
2022-05-09 09:04:01,553 DEBUG   SenderThread:3726 [sender.py:send_request():246] send_request: stop_status
2022-05-09 09:04:16,674 DEBUG   HandlerThread:3726 [handler.py:handle_request():141] handle_request: stop_status
2022-05-09 09:04:16,675 DEBUG   SenderThread:3726 [sender.py:send_request():246] send_request: stop_status
2022-05-09 09:04:31,788 DEBUG   HandlerThread:3726 [handler.py:handle_request():141] handle_request: stop_status
2022-05-09 09:04:31,789 DEBUG   SenderThread:3726 [sender.py:send_request():246] send_request: stop_status
2022-05-09 09:04:46,902 DEBUG   HandlerThread:3726 [handler.py:handle_request():141] handle_request: stop_status
2022-05-09 09:04:46,903 DEBUG   SenderThread:3726 [sender.py:send_request():246] send_request: stop_status
2022-05-09 09:05:02,015 DEBUG   HandlerThread:3726 [handler.py:handle_request():141] handle_request: stop_status
2022-05-09 09:05:02,016 DEBUG   SenderThread:3726 [sender.py:send_request():246] send_request: stop_status
2022-05-09 09:05:12,612 DEBUG   HandlerThread:3726 [handler.py:handle_request():141] handle_request: resume
2022-05-09 09:05:12,613 INFO    HandlerThread:3726 [handler.py:handle_request_resume():686] starting system metrics thread
2022-05-09 09:05:13,571 DEBUG   HandlerThread:3726 [handler.py:handle_request():141] handle_request: pause
2022-05-09 09:05:13,571 INFO    HandlerThread:3726 [handler.py:handle_request_pause():695] stopping system metrics thread
2022-05-09 09:05:13,668 DEBUG   SenderThread:3726 [sender.py:send():232] send: stats
2022-05-09 09:05:17,135 DEBUG   HandlerThread:3726 [handler.py:handle_request():141] handle_request: stop_status
2022-05-09 09:05:17,136 DEBUG   SenderThread:3726 [sender.py:send_request():246] send_request: stop_status
2022-05-09 09:05:32,247 DEBUG   HandlerThread:3726 [handler.py:handle_request():141] handle_request: stop_status
2022-05-09 09:05:32,248 DEBUG   SenderThread:3726 [sender.py:send_request():246] send_request: stop_status
2022-05-09 09:05:47,365 DEBUG   HandlerThread:3726 [handler.py:handle_request():141] handle_request: stop_status
2022-05-09 09:05:47,366 DEBUG   SenderThread:3726 [sender.py:send_request():246] send_request: stop_status
2022-05-09 09:06:07,366 DEBUG   HandlerThread:3726 [handler.py:handle_request():141] handle_request: stop_status
2022-05-09 09:06:21,249 ERROR   SenderThread:3726 [retry.py:__call__():126] Retry attempt failed:
Traceback (most recent call last):
  File "/home/ubuntu/environments/my_env/lib/python3.8/site-packages/urllib3/connectionpool.py", line 449, in _make_request
    six.raise_from(e, None)
  File "<string>", line 3, in raise_from
  File "/home/ubuntu/environments/my_env/lib/python3.8/site-packages/urllib3/connectionpool.py", line 444, in _make_request
    httplib_response = conn.getresponse()
  File "/usr/lib/python3.8/http/client.py", line 1348, in getresponse
    response.begin()
  File "/usr/lib/python3.8/http/client.py", line 316, in begin
    version, status, reason = self._read_status()
  File "/usr/lib/python3.8/http/client.py", line 277, in _read_status
    line = str(self.fp.readline(_MAXLINE + 1), "iso-8859-1")
  File "/usr/lib/python3.8/socket.py", line 669, in readinto
    return self._sock.recv_into(b)
  File "/usr/lib/python3.8/ssl.py", line 1241, in recv_into
    return self.read(nbytes, buffer)
  File "/usr/lib/python3.8/ssl.py", line 1099, in read
    return self._sslobj.read(len, buffer)
socket.timeout: The read operation timed out

During handling of the above exception, another exception occurred:

Traceback (most recent call last):
  File "/home/ubuntu/environments/my_env/lib/python3.8/site-packages/requests/adapters.py", line 440, in send
    resp = conn.urlopen(
  File "/home/ubuntu/environments/my_env/lib/python3.8/site-packages/urllib3/connectionpool.py", line 785, in urlopen
    retries = retries.increment(
  File "/home/ubuntu/environments/my_env/lib/python3.8/site-packages/urllib3/util/retry.py", line 550, in increment
    raise six.reraise(type(error), error, _stacktrace)
  File "/home/ubuntu/environments/my_env/lib/python3.8/site-packages/urllib3/packages/six.py", line 770, in reraise
    raise value
  File "/home/ubuntu/environments/my_env/lib/python3.8/site-packages/urllib3/connectionpool.py", line 703, in urlopen
    httplib_response = self._make_request(
  File "/home/ubuntu/environments/my_env/lib/python3.8/site-packages/urllib3/connectionpool.py", line 451, in _make_request
    self._raise_timeout(err=e, url=url, timeout_value=read_timeout)
  File "/home/ubuntu/environments/my_env/lib/python3.8/site-packages/urllib3/connectionpool.py", line 340, in _raise_timeout
    raise ReadTimeoutError(
urllib3.exceptions.ReadTimeoutError: HTTPSConnectionPool(host='api.wandb.ai', port=443): Read timed out. (read timeout=10)

During handling of the above exception, another exception occurred:

Traceback (most recent call last):
  File "/home/ubuntu/environments/my_env/lib/python3.8/site-packages/wandb/sdk/lib/retry.py", line 102, in __call__
    result = self._call_fn(*args, **kwargs)
  File "/home/ubuntu/environments/my_env/lib/python3.8/site-packages/wandb/sdk/internal/internal_api.py", line 140, in execute
    return self.client.execute(*args, **kwargs)
  File "/home/ubuntu/environments/my_env/lib/python3.8/site-packages/wandb/vendor/gql-0.2.0/wandb_gql/client.py", line 52, in execute
    result = self._get_result(document, *args, **kwargs)
  File "/home/ubuntu/environments/my_env/lib/python3.8/site-packages/wandb/vendor/gql-0.2.0/wandb_gql/client.py", line 60, in _get_result
    return self.transport.execute(document, *args, **kwargs)
  File "/home/ubuntu/environments/my_env/lib/python3.8/site-packages/wandb/vendor/gql-0.2.0/wandb_gql/transport/requests.py", line 38, in execute
    request = requests.post(self.url, **post_args)
  File "/home/ubuntu/environments/my_env/lib/python3.8/site-packages/requests/api.py", line 117, in post
    return request('post', url, data=data, json=json, **kwargs)
  File "/home/ubuntu/environments/my_env/lib/python3.8/site-packages/requests/api.py", line 61, in request
    return session.request(method=method, url=url, **kwargs)
  File "/home/ubuntu/environments/my_env/lib/python3.8/site-packages/requests/sessions.py", line 529, in request
    resp = self.send(prep, **send_kwargs)
  File "/home/ubuntu/environments/my_env/lib/python3.8/site-packages/requests/sessions.py", line 645, in send
    r = adapter.send(request, **kwargs)
  File "/home/ubuntu/environments/my_env/lib/python3.8/site-packages/requests/adapters.py", line 532, in send
    raise ReadTimeout(e, request=request)
requests.exceptions.ReadTimeout: HTTPSConnectionPool(host='api.wandb.ai', port=443): Read timed out. (read timeout=10)
2022-05-09 09:06:21,967 INFO    Thread-7  :3726 [dir_watcher.py:_on_file_modified():257] file/dir modified: /home/ubuntu/NLP-brain-biased-robustness/evaluation/wandb/run-20220509_070414-2m7zexwu/files/output.log
2022-05-09 09:06:27,367 DEBUG   HandlerThread:3726 [handler.py:handle_request():141] handle_request: stop_status
2022-05-09 09:06:38,853 WARNING FileStreamThread:3726 [file_stream.py:request_with_retry():593] requests_with_retry encountered retryable exception: 500 Server Error: Internal Server Error for url: https://api.wandb.ai/files/nlp-brain-biased-robustness/preliminary%20results%20just%20in%20case/2m7zexwu/file_stream. func: <bound method Session.post of <requests.sessions.Session object at 0x7fed7d8d1df0>>, args: ('https://api.wandb.ai/files/nlp-brain-biased-robustness/preliminary results just in case/2m7zexwu/file_stream',), kwargs: {'json': {'complete': False, 'failed': False, 'dropped': 0, 'uploaded': []}}
2022-05-09 09:06:47,368 DEBUG   HandlerThread:3726 [handler.py:handle_request():141] handle_request: stop_status
2022-05-09 09:06:55,395 DEBUG   SenderThread:3726 [sender.py:send_request():246] send_request: stop_status
2022-05-09 09:07:07,369 DEBUG   HandlerThread:3726 [handler.py:handle_request():141] handle_request: stop_status
2022-05-09 09:07:27,371 DEBUG   HandlerThread:3726 [handler.py:handle_request():141] handle_request: stop_status
2022-05-09 09:07:28,940 ERROR   SenderThread:3726 [retry.py:__call__():126] Retry attempt failed:
Traceback (most recent call last):
  File "/home/ubuntu/environments/my_env/lib/python3.8/site-packages/urllib3/connectionpool.py", line 449, in _make_request
    six.raise_from(e, None)
  File "<string>", line 3, in raise_from
  File "/home/ubuntu/environments/my_env/lib/python3.8/site-packages/urllib3/connectionpool.py", line 444, in _make_request
    httplib_response = conn.getresponse()
  File "/usr/lib/python3.8/http/client.py", line 1348, in getresponse
    response.begin()
  File "/usr/lib/python3.8/http/client.py", line 316, in begin
    version, status, reason = self._read_status()
  File "/usr/lib/python3.8/http/client.py", line 277, in _read_status
    line = str(self.fp.readline(_MAXLINE + 1), "iso-8859-1")
  File "/usr/lib/python3.8/socket.py", line 669, in readinto
    return self._sock.recv_into(b)
  File "/usr/lib/python3.8/ssl.py", line 1241, in recv_into
    return self.read(nbytes, buffer)
  File "/usr/lib/python3.8/ssl.py", line 1099, in read
    return self._sslobj.read(len, buffer)
socket.timeout: The read operation timed out

During handling of the above exception, another exception occurred:

Traceback (most recent call last):
  File "/home/ubuntu/environments/my_env/lib/python3.8/site-packages/requests/adapters.py", line 440, in send
    resp = conn.urlopen(
  File "/home/ubuntu/environments/my_env/lib/python3.8/site-packages/urllib3/connectionpool.py", line 785, in urlopen
    retries = retries.increment(
  File "/home/ubuntu/environments/my_env/lib/python3.8/site-packages/urllib3/util/retry.py", line 550, in increment
    raise six.reraise(type(error), error, _stacktrace)
  File "/home/ubuntu/environments/my_env/lib/python3.8/site-packages/urllib3/packages/six.py", line 770, in reraise
    raise value
  File "/home/ubuntu/environments/my_env/lib/python3.8/site-packages/urllib3/connectionpool.py", line 703, in urlopen
    httplib_response = self._make_request(
  File "/home/ubuntu/environments/my_env/lib/python3.8/site-packages/urllib3/connectionpool.py", line 451, in _make_request
    self._raise_timeout(err=e, url=url, timeout_value=read_timeout)
  File "/home/ubuntu/environments/my_env/lib/python3.8/site-packages/urllib3/connectionpool.py", line 340, in _raise_timeout
    raise ReadTimeoutError(
urllib3.exceptions.ReadTimeoutError: HTTPSConnectionPool(host='api.wandb.ai', port=443): Read timed out. (read timeout=10)

During handling of the above exception, another exception occurred:

Traceback (most recent call last):
  File "/home/ubuntu/environments/my_env/lib/python3.8/site-packages/wandb/sdk/lib/retry.py", line 102, in __call__
    result = self._call_fn(*args, **kwargs)
  File "/home/ubuntu/environments/my_env/lib/python3.8/site-packages/wandb/sdk/internal/internal_api.py", line 140, in execute
    return self.client.execute(*args, **kwargs)
  File "/home/ubuntu/environments/my_env/lib/python3.8/site-packages/wandb/vendor/gql-0.2.0/wandb_gql/client.py", line 52, in execute
    result = self._get_result(document, *args, **kwargs)
  File "/home/ubuntu/environments/my_env/lib/python3.8/site-packages/wandb/vendor/gql-0.2.0/wandb_gql/client.py", line 60, in _get_result
    return self.transport.execute(document, *args, **kwargs)
  File "/home/ubuntu/environments/my_env/lib/python3.8/site-packages/wandb/vendor/gql-0.2.0/wandb_gql/transport/requests.py", line 38, in execute
    request = requests.post(self.url, **post_args)
  File "/home/ubuntu/environments/my_env/lib/python3.8/site-packages/requests/api.py", line 117, in post
    return request('post', url, data=data, json=json, **kwargs)
  File "/home/ubuntu/environments/my_env/lib/python3.8/site-packages/requests/api.py", line 61, in request
    return session.request(method=method, url=url, **kwargs)
  File "/home/ubuntu/environments/my_env/lib/python3.8/site-packages/requests/sessions.py", line 529, in request
    resp = self.send(prep, **send_kwargs)
  File "/home/ubuntu/environments/my_env/lib/python3.8/site-packages/requests/sessions.py", line 645, in send
    r = adapter.send(request, **kwargs)
  File "/home/ubuntu/environments/my_env/lib/python3.8/site-packages/requests/adapters.py", line 532, in send
    raise ReadTimeout(e, request=request)
requests.exceptions.ReadTimeout: HTTPSConnectionPool(host='api.wandb.ai', port=443): Read timed out. (read timeout=10)
2022-05-09 09:07:30,009 INFO    Thread-7  :3726 [dir_watcher.py:_on_file_modified():257] file/dir modified: /home/ubuntu/NLP-brain-biased-robustness/evaluation/wandb/run-20220509_070414-2m7zexwu/files/output.log
2022-05-09 09:07:36,362 WARNING FileStreamThread:3726 [file_stream.py:request_with_retry():593] requests_with_retry encountered retryable exception: 500 Server Error: Internal Server Error for url: https://api.wandb.ai/files/nlp-brain-biased-robustness/preliminary%20results%20just%20in%20case/2m7zexwu/file_stream. func: <bound method Session.post of <requests.sessions.Session object at 0x7fed7d8d1df0>>, args: ('https://api.wandb.ai/files/nlp-brain-biased-robustness/preliminary results just in case/2m7zexwu/file_stream',), kwargs: {'json': {'complete': False, 'failed': False, 'dropped': 0, 'uploaded': []}}
2022-05-09 09:07:47,371 DEBUG   HandlerThread:3726 [handler.py:handle_request():141] handle_request: stop_status
2022-05-09 09:08:07,373 DEBUG   HandlerThread:3726 [handler.py:handle_request():141] handle_request: stop_status
2022-05-09 09:08:25,416 DEBUG   SenderThread:3726 [sender.py:send_request():246] send_request: stop_status
2022-05-09 09:08:27,374 DEBUG   HandlerThread:3726 [handler.py:handle_request():141] handle_request: stop_status
2022-05-09 09:08:34,035 DEBUG   HandlerThread:3726 [handler.py:handle_request():141] handle_request: resume
2022-05-09 09:08:34,036 INFO    HandlerThread:3726 [handler.py:handle_request_resume():686] starting system metrics thread
2022-05-09 09:08:34,575 DEBUG   HandlerThread:3726 [handler.py:handle_request():141] handle_request: pause
2022-05-09 09:08:34,575 INFO    HandlerThread:3726 [handler.py:handle_request_pause():695] stopping system metrics thread
2022-05-09 09:08:35,839 WARNING FileStreamThread:3726 [file_stream.py:request_with_retry():593] requests_with_retry encountered retryable exception: 500 Server Error: Internal Server Error for url: https://api.wandb.ai/files/nlp-brain-biased-robustness/preliminary%20results%20just%20in%20case/2m7zexwu/file_stream. func: <bound method Session.post of <requests.sessions.Session object at 0x7fed7d8d1df0>>, args: ('https://api.wandb.ai/files/nlp-brain-biased-robustness/preliminary results just in case/2m7zexwu/file_stream',), kwargs: {'json': {'complete': False, 'failed': False, 'dropped': 0, 'uploaded': []}}
2022-05-09 09:08:38,377 DEBUG   SenderThread:3726 [sender.py:send_request():246] send_request: stop_status
2022-05-09 09:08:42,643 DEBUG   SenderThread:3726 [sender.py:send_request():246] send_request: stop_status
2022-05-09 09:08:42,797 DEBUG   SenderThread:3726 [sender.py:send_request():246] send_request: stop_status
2022-05-09 09:08:42,965 DEBUG   SenderThread:3726 [sender.py:send_request():246] send_request: stop_status
2022-05-09 09:08:44,448 DEBUG   SenderThread:3726 [sender.py:send_request():246] send_request: stop_status
2022-05-09 09:08:46,331 DEBUG   SenderThread:3726 [sender.py:send_request():246] send_request: stop_status
2022-05-09 09:08:46,486 DEBUG   SenderThread:3726 [sender.py:send():232] send: stats
2022-05-09 09:08:47,374 DEBUG   HandlerThread:3726 [handler.py:handle_request():141] handle_request: stop_status
2022-05-09 09:08:47,375 DEBUG   SenderThread:3726 [sender.py:send_request():246] send_request: stop_status
2022-05-09 09:09:02,520 DEBUG   HandlerThread:3726 [handler.py:handle_request():141] handle_request: stop_status
2022-05-09 09:09:02,521 DEBUG   SenderThread:3726 [sender.py:send_request():246] send_request: stop_status
2022-05-09 09:09:17,633 DEBUG   HandlerThread:3726 [handler.py:handle_request():141] handle_request: stop_status
2022-05-09 09:09:17,634 DEBUG   SenderThread:3726 [sender.py:send_request():246] send_request: stop_status
2022-05-09 09:09:32,760 DEBUG   HandlerThread:3726 [handler.py:handle_request():141] handle_request: stop_status
2022-05-09 09:09:32,760 DEBUG   SenderThread:3726 [sender.py:send_request():246] send_request: stop_status
2022-05-09 09:09:47,910 DEBUG   HandlerThread:3726 [handler.py:handle_request():141] handle_request: stop_status
2022-05-09 09:09:47,911 DEBUG   SenderThread:3726 [sender.py:send_request():246] send_request: stop_status
2022-05-09 09:10:03,838 DEBUG   HandlerThread:3726 [handler.py:handle_request():141] handle_request: stop_status
2022-05-09 09:10:03,839 DEBUG   SenderThread:3726 [sender.py:send_request():246] send_request: stop_status
2022-05-09 09:10:18,987 DEBUG   HandlerThread:3726 [handler.py:handle_request():141] handle_request: stop_status
2022-05-09 09:10:18,988 DEBUG   SenderThread:3726 [sender.py:send_request():246] send_request: stop_status
2022-05-09 09:10:34,277 DEBUG   HandlerThread:3726 [handler.py:handle_request():141] handle_request: stop_status
2022-05-09 09:10:34,277 DEBUG   SenderThread:3726 [sender.py:send_request():246] send_request: stop_status
2022-05-09 09:10:49,398 DEBUG   HandlerThread:3726 [handler.py:handle_request():141] handle_request: stop_status
2022-05-09 09:10:49,398 DEBUG   SenderThread:3726 [sender.py:send_request():246] send_request: stop_status
2022-05-09 09:11:04,515 DEBUG   HandlerThread:3726 [handler.py:handle_request():141] handle_request: stop_status
2022-05-09 09:11:04,516 DEBUG   SenderThread:3726 [sender.py:send_request():246] send_request: stop_status
2022-05-09 09:11:19,630 DEBUG   HandlerThread:3726 [handler.py:handle_request():141] handle_request: stop_status
2022-05-09 09:11:19,631 DEBUG   SenderThread:3726 [sender.py:send_request():246] send_request: stop_status
2022-05-09 09:11:34,759 DEBUG   HandlerThread:3726 [handler.py:handle_request():141] handle_request: stop_status
2022-05-09 09:11:34,760 DEBUG   SenderThread:3726 [sender.py:send_request():246] send_request: stop_status
2022-05-09 09:11:49,870 DEBUG   HandlerThread:3726 [handler.py:handle_request():141] handle_request: stop_status
2022-05-09 09:11:49,871 DEBUG   SenderThread:3726 [sender.py:send_request():246] send_request: stop_status
2022-05-09 09:12:05,910 DEBUG   HandlerThread:3726 [handler.py:handle_request():141] handle_request: stop_status
2022-05-09 09:12:05,911 DEBUG   SenderThread:3726 [sender.py:send_request():246] send_request: stop_status
2022-05-09 09:12:21,046 DEBUG   HandlerThread:3726 [handler.py:handle_request():141] handle_request: stop_status
2022-05-09 09:12:21,047 DEBUG   SenderThread:3726 [sender.py:send_request():246] send_request: stop_status
2022-05-09 09:12:36,758 DEBUG   HandlerThread:3726 [handler.py:handle_request():141] handle_request: stop_status
2022-05-09 09:12:36,759 DEBUG   SenderThread:3726 [sender.py:send_request():246] send_request: stop_status
2022-05-09 09:12:51,881 DEBUG   HandlerThread:3726 [handler.py:handle_request():141] handle_request: stop_status
2022-05-09 09:12:51,882 DEBUG   SenderThread:3726 [sender.py:send_request():246] send_request: stop_status
2022-05-09 09:13:06,999 DEBUG   HandlerThread:3726 [handler.py:handle_request():141] handle_request: stop_status
2022-05-09 09:13:07,000 DEBUG   SenderThread:3726 [sender.py:send_request():246] send_request: stop_status
2022-05-09 09:13:22,112 DEBUG   HandlerThread:3726 [handler.py:handle_request():141] handle_request: stop_status
2022-05-09 09:13:22,114 DEBUG   SenderThread:3726 [sender.py:send_request():246] send_request: stop_status
2022-05-09 09:13:37,239 DEBUG   HandlerThread:3726 [handler.py:handle_request():141] handle_request: stop_status
2022-05-09 09:13:37,240 DEBUG   SenderThread:3726 [sender.py:send_request():246] send_request: stop_status
2022-05-09 09:13:52,354 DEBUG   HandlerThread:3726 [handler.py:handle_request():141] handle_request: stop_status
2022-05-09 09:13:52,355 DEBUG   SenderThread:3726 [sender.py:send_request():246] send_request: stop_status
2022-05-09 09:14:07,468 DEBUG   HandlerThread:3726 [handler.py:handle_request():141] handle_request: stop_status
2022-05-09 09:14:07,468 DEBUG   SenderThread:3726 [sender.py:send_request():246] send_request: stop_status
2022-05-09 09:14:22,587 DEBUG   HandlerThread:3726 [handler.py:handle_request():141] handle_request: stop_status
2022-05-09 09:14:22,588 DEBUG   SenderThread:3726 [sender.py:send_request():246] send_request: stop_status
2022-05-09 09:14:37,740 DEBUG   HandlerThread:3726 [handler.py:handle_request():141] handle_request: stop_status
2022-05-09 09:14:37,741 DEBUG   SenderThread:3726 [sender.py:send_request():246] send_request: stop_status
2022-05-09 09:14:52,870 DEBUG   HandlerThread:3726 [handler.py:handle_request():141] handle_request: stop_status
2022-05-09 09:14:52,871 DEBUG   SenderThread:3726 [sender.py:send_request():246] send_request: stop_status
2022-05-09 09:14:56,856 DEBUG   HandlerThread:3726 [handler.py:handle_request():141] handle_request: resume
2022-05-09 09:14:56,856 INFO    HandlerThread:3726 [handler.py:handle_request_resume():686] starting system metrics thread
2022-05-09 09:14:59,601 DEBUG   HandlerThread:3726 [handler.py:handle_request():141] handle_request: pause
2022-05-09 09:14:59,601 INFO    HandlerThread:3726 [handler.py:handle_request_pause():695] stopping system metrics thread
2022-05-09 09:14:59,722 DEBUG   SenderThread:3726 [sender.py:send():232] send: stats
2022-05-09 09:15:07,997 DEBUG   HandlerThread:3726 [handler.py:handle_request():141] handle_request: stop_status
2022-05-09 09:15:07,998 DEBUG   SenderThread:3726 [sender.py:send_request():246] send_request: stop_status
2022-05-09 09:15:23,112 DEBUG   HandlerThread:3726 [handler.py:handle_request():141] handle_request: stop_status
2022-05-09 09:15:23,114 DEBUG   SenderThread:3726 [sender.py:send_request():246] send_request: stop_status
2022-05-09 09:15:38,249 DEBUG   HandlerThread:3726 [handler.py:handle_request():141] handle_request: stop_status
2022-05-09 09:15:38,250 DEBUG   SenderThread:3726 [sender.py:send_request():246] send_request: stop_status
2022-05-09 09:15:53,371 DEBUG   HandlerThread:3726 [handler.py:handle_request():141] handle_request: stop_status
2022-05-09 09:15:53,372 DEBUG   SenderThread:3726 [sender.py:send_request():246] send_request: stop_status
2022-05-09 09:15:56,267 DEBUG   HandlerThread:3726 [handler.py:handle_request():141] handle_request: resume
2022-05-09 09:15:56,267 INFO    HandlerThread:3726 [handler.py:handle_request_resume():686] starting system metrics thread
2022-05-09 09:15:56,676 DEBUG   HandlerThread:3726 [handler.py:handle_request():141] handle_request: pause
2022-05-09 09:15:56,676 INFO    HandlerThread:3726 [handler.py:handle_request_pause():695] stopping system metrics thread
2022-05-09 09:15:56,711 DEBUG   SenderThread:3726 [sender.py:send():232] send: stats
2022-05-09 09:16:08,482 DEBUG   HandlerThread:3726 [handler.py:handle_request():141] handle_request: stop_status
2022-05-09 09:16:08,483 DEBUG   SenderThread:3726 [sender.py:send_request():246] send_request: stop_status
2022-05-09 09:16:10,295 DEBUG   HandlerThread:3726 [handler.py:handle_request():141] handle_request: resume
2022-05-09 09:16:10,295 INFO    HandlerThread:3726 [handler.py:handle_request_resume():686] starting system metrics thread
2022-05-09 09:16:10,298 DEBUG   HandlerThread:3726 [handler.py:handle_request():141] handle_request: pause
2022-05-09 09:16:10,300 INFO    HandlerThread:3726 [handler.py:handle_request_pause():695] stopping system metrics thread
2022-05-09 09:16:10,327 DEBUG   SenderThread:3726 [sender.py:send():232] send: stats
2022-05-09 09:16:23,621 DEBUG   HandlerThread:3726 [handler.py:handle_request():141] handle_request: stop_status
2022-05-09 09:16:23,622 DEBUG   SenderThread:3726 [sender.py:send_request():246] send_request: stop_status
2022-05-09 09:16:38,745 DEBUG   HandlerThread:3726 [handler.py:handle_request():141] handle_request: stop_status
2022-05-09 09:16:38,745 DEBUG   SenderThread:3726 [sender.py:send_request():246] send_request: stop_status
2022-05-09 09:16:53,976 DEBUG   HandlerThread:3726 [handler.py:handle_request():141] handle_request: stop_status
2022-05-09 09:16:53,977 DEBUG   SenderThread:3726 [sender.py:send_request():246] send_request: stop_status
2022-05-09 09:17:09,099 DEBUG   HandlerThread:3726 [handler.py:handle_request():141] handle_request: stop_status
2022-05-09 09:17:09,099 DEBUG   SenderThread:3726 [sender.py:send_request():246] send_request: stop_status
2022-05-09 09:17:26,081 DEBUG   HandlerThread:3726 [handler.py:handle_request():141] handle_request: stop_status
2022-05-09 09:17:26,082 DEBUG   SenderThread:3726 [sender.py:send_request():246] send_request: stop_status
2022-05-09 09:17:41,202 DEBUG   HandlerThread:3726 [handler.py:handle_request():141] handle_request: stop_status
2022-05-09 09:17:41,205 DEBUG   SenderThread:3726 [sender.py:send_request():246] send_request: stop_status
2022-05-09 09:17:56,317 DEBUG   HandlerThread:3726 [handler.py:handle_request():141] handle_request: stop_status
2022-05-09 09:17:56,318 DEBUG   SenderThread:3726 [sender.py:send_request():246] send_request: stop_status
2022-05-09 09:18:11,433 DEBUG   HandlerThread:3726 [handler.py:handle_request():141] handle_request: stop_status
2022-05-09 09:18:11,434 DEBUG   SenderThread:3726 [sender.py:send_request():246] send_request: stop_status
2022-05-09 09:18:26,565 DEBUG   HandlerThread:3726 [handler.py:handle_request():141] handle_request: stop_status
2022-05-09 09:18:26,565 DEBUG   SenderThread:3726 [sender.py:send_request():246] send_request: stop_status
2022-05-09 09:18:41,681 DEBUG   HandlerThread:3726 [handler.py:handle_request():141] handle_request: stop_status
2022-05-09 09:18:41,682 DEBUG   SenderThread:3726 [sender.py:send_request():246] send_request: stop_status
2022-05-09 09:18:57,073 DEBUG   HandlerThread:3726 [handler.py:handle_request():141] handle_request: stop_status
2022-05-09 09:18:57,074 DEBUG   SenderThread:3726 [sender.py:send_request():246] send_request: stop_status
2022-05-09 09:19:12,191 DEBUG   HandlerThread:3726 [handler.py:handle_request():141] handle_request: stop_status
2022-05-09 09:19:12,192 DEBUG   SenderThread:3726 [sender.py:send_request():246] send_request: stop_status
2022-05-09 09:19:27,309 DEBUG   HandlerThread:3726 [handler.py:handle_request():141] handle_request: stop_status
2022-05-09 09:19:27,309 DEBUG   SenderThread:3726 [sender.py:send_request():246] send_request: stop_status
2022-05-09 09:19:42,440 DEBUG   HandlerThread:3726 [handler.py:handle_request():141] handle_request: stop_status
2022-05-09 09:19:42,441 DEBUG   SenderThread:3726 [sender.py:send_request():246] send_request: stop_status
2022-05-09 09:19:57,692 DEBUG   HandlerThread:3726 [handler.py:handle_request():141] handle_request: stop_status
2022-05-09 09:19:57,693 DEBUG   SenderThread:3726 [sender.py:send_request():246] send_request: stop_status
2022-05-09 09:20:12,808 DEBUG   HandlerThread:3726 [handler.py:handle_request():141] handle_request: stop_status
2022-05-09 09:20:12,808 DEBUG   SenderThread:3726 [sender.py:send_request():246] send_request: stop_status
2022-05-09 09:20:27,920 DEBUG   HandlerThread:3726 [handler.py:handle_request():141] handle_request: stop_status
2022-05-09 09:20:27,921 DEBUG   SenderThread:3726 [sender.py:send_request():246] send_request: stop_status
2022-05-09 09:20:43,038 DEBUG   HandlerThread:3726 [handler.py:handle_request():141] handle_request: stop_status
2022-05-09 09:20:43,039 DEBUG   SenderThread:3726 [sender.py:send_request():246] send_request: stop_status
2022-05-09 09:20:54,380 DEBUG   HandlerThread:3726 [handler.py:handle_request():141] handle_request: resume
2022-05-09 09:20:54,380 INFO    HandlerThread:3726 [handler.py:handle_request_resume():686] starting system metrics thread
2022-05-09 09:20:54,896 DEBUG   HandlerThread:3726 [handler.py:handle_request():141] handle_request: pause
2022-05-09 09:20:54,897 INFO    HandlerThread:3726 [handler.py:handle_request_pause():695] stopping system metrics thread
2022-05-09 09:20:54,928 DEBUG   SenderThread:3726 [sender.py:send():232] send: stats
2022-05-09 09:20:57,534 DEBUG   HandlerThread:3726 [handler.py:handle_request():141] handle_request: resume
2022-05-09 09:20:57,534 INFO    HandlerThread:3726 [handler.py:handle_request_resume():686] starting system metrics thread
2022-05-09 09:20:57,538 DEBUG   HandlerThread:3726 [handler.py:handle_request():141] handle_request: pause
2022-05-09 09:20:57,538 INFO    HandlerThread:3726 [handler.py:handle_request_pause():695] stopping system metrics thread
2022-05-09 09:20:57,566 DEBUG   SenderThread:3726 [sender.py:send():232] send: stats
2022-05-09 09:20:58,214 DEBUG   HandlerThread:3726 [handler.py:handle_request():141] handle_request: stop_status
2022-05-09 09:20:58,214 DEBUG   SenderThread:3726 [sender.py:send_request():246] send_request: stop_status
2022-05-09 09:21:13,328 DEBUG   HandlerThread:3726 [handler.py:handle_request():141] handle_request: stop_status
2022-05-09 09:21:13,329 DEBUG   SenderThread:3726 [sender.py:send_request():246] send_request: stop_status
2022-05-09 09:21:28,507 DEBUG   HandlerThread:3726 [handler.py:handle_request():141] handle_request: stop_status
2022-05-09 09:21:28,508 DEBUG   SenderThread:3726 [sender.py:send_request():246] send_request: stop_status
2022-05-09 09:21:43,702 DEBUG   HandlerThread:3726 [handler.py:handle_request():141] handle_request: stop_status
2022-05-09 09:21:43,703 DEBUG   SenderThread:3726 [sender.py:send_request():246] send_request: stop_status
2022-05-09 09:21:58,984 DEBUG   HandlerThread:3726 [handler.py:handle_request():141] handle_request: stop_status
2022-05-09 09:21:58,985 DEBUG   SenderThread:3726 [sender.py:send_request():246] send_request: stop_status
2022-05-09 09:22:14,110 DEBUG   HandlerThread:3726 [handler.py:handle_request():141] handle_request: stop_status
2022-05-09 09:22:14,110 DEBUG   SenderThread:3726 [sender.py:send_request():246] send_request: stop_status
2022-05-09 09:22:23,840 DEBUG   HandlerThread:3726 [handler.py:handle_request():141] handle_request: resume
2022-05-09 09:22:23,840 INFO    HandlerThread:3726 [handler.py:handle_request_resume():686] starting system metrics thread
2022-05-09 09:22:24,505 DEBUG   HandlerThread:3726 [handler.py:handle_request():141] handle_request: pause
2022-05-09 09:22:24,505 INFO    HandlerThread:3726 [handler.py:handle_request_pause():695] stopping system metrics thread
2022-05-09 09:22:24,576 DEBUG   SenderThread:3726 [sender.py:send():232] send: stats
2022-05-09 09:22:26,587 DEBUG   HandlerThread:3726 [handler.py:handle_request():141] handle_request: resume
2022-05-09 09:22:26,588 INFO    HandlerThread:3726 [handler.py:handle_request_resume():686] starting system metrics thread
2022-05-09 09:22:26,595 DEBUG   HandlerThread:3726 [handler.py:handle_request():141] handle_request: pause
2022-05-09 09:22:26,595 INFO    HandlerThread:3726 [handler.py:handle_request_pause():695] stopping system metrics thread
2022-05-09 09:22:26,620 DEBUG   SenderThread:3726 [sender.py:send():232] send: stats
2022-05-09 09:22:29,227 DEBUG   HandlerThread:3726 [handler.py:handle_request():141] handle_request: stop_status
2022-05-09 09:22:29,228 DEBUG   SenderThread:3726 [sender.py:send_request():246] send_request: stop_status
2022-05-09 09:22:44,342 DEBUG   HandlerThread:3726 [handler.py:handle_request():141] handle_request: stop_status
2022-05-09 09:22:44,343 DEBUG   SenderThread:3726 [sender.py:send_request():246] send_request: stop_status
2022-05-09 09:22:59,462 DEBUG   HandlerThread:3726 [handler.py:handle_request():141] handle_request: stop_status
2022-05-09 09:22:59,462 DEBUG   SenderThread:3726 [sender.py:send_request():246] send_request: stop_status
2022-05-09 09:23:14,585 DEBUG   HandlerThread:3726 [handler.py:handle_request():141] handle_request: stop_status
2022-05-09 09:23:14,586 DEBUG   SenderThread:3726 [sender.py:send_request():246] send_request: stop_status
2022-05-09 09:23:29,701 DEBUG   HandlerThread:3726 [handler.py:handle_request():141] handle_request: stop_status
2022-05-09 09:23:29,702 DEBUG   SenderThread:3726 [sender.py:send_request():246] send_request: stop_status
2022-05-09 09:23:44,829 DEBUG   HandlerThread:3726 [handler.py:handle_request():141] handle_request: stop_status
2022-05-09 09:23:44,830 DEBUG   SenderThread:3726 [sender.py:send_request():246] send_request: stop_status
2022-05-09 09:23:59,945 DEBUG   HandlerThread:3726 [handler.py:handle_request():141] handle_request: stop_status
2022-05-09 09:23:59,946 DEBUG   SenderThread:3726 [sender.py:send_request():246] send_request: stop_status
2022-05-09 09:24:15,064 DEBUG   HandlerThread:3726 [handler.py:handle_request():141] handle_request: stop_status
2022-05-09 09:24:15,065 DEBUG   SenderThread:3726 [sender.py:send_request():246] send_request: stop_status
2022-05-09 09:24:30,177 DEBUG   HandlerThread:3726 [handler.py:handle_request():141] handle_request: stop_status
2022-05-09 09:24:30,177 DEBUG   SenderThread:3726 [sender.py:send_request():246] send_request: stop_status
2022-05-09 09:24:45,287 DEBUG   HandlerThread:3726 [handler.py:handle_request():141] handle_request: stop_status
2022-05-09 09:24:45,287 DEBUG   SenderThread:3726 [sender.py:send_request():246] send_request: stop_status
2022-05-09 09:25:00,649 DEBUG   HandlerThread:3726 [handler.py:handle_request():141] handle_request: stop_status
2022-05-09 09:25:00,649 DEBUG   SenderThread:3726 [sender.py:send_request():246] send_request: stop_status
2022-05-09 09:25:15,764 DEBUG   HandlerThread:3726 [handler.py:handle_request():141] handle_request: stop_status
2022-05-09 09:25:15,764 DEBUG   SenderThread:3726 [sender.py:send_request():246] send_request: stop_status
2022-05-09 09:25:23,803 DEBUG   HandlerThread:3726 [handler.py:handle_request():141] handle_request: resume
2022-05-09 09:25:23,803 INFO    HandlerThread:3726 [handler.py:handle_request_resume():686] starting system metrics thread
2022-05-09 09:25:25,613 DEBUG   HandlerThread:3726 [handler.py:handle_request():141] handle_request: pause
2022-05-09 09:25:25,614 INFO    HandlerThread:3726 [handler.py:handle_request_pause():695] stopping system metrics thread
2022-05-09 09:25:25,645 DEBUG   SenderThread:3726 [sender.py:send():232] send: stats
2022-05-09 09:25:30,911 DEBUG   HandlerThread:3726 [handler.py:handle_request():141] handle_request: stop_status
2022-05-09 09:25:30,912 DEBUG   SenderThread:3726 [sender.py:send_request():246] send_request: stop_status
2022-05-09 09:25:46,022 DEBUG   HandlerThread:3726 [handler.py:handle_request():141] handle_request: stop_status
2022-05-09 09:25:46,023 DEBUG   SenderThread:3726 [sender.py:send_request():246] send_request: stop_status
2022-05-09 09:25:48,323 DEBUG   HandlerThread:3726 [handler.py:handle_request():141] handle_request: resume
2022-05-09 09:25:48,324 INFO    HandlerThread:3726 [handler.py:handle_request_resume():686] starting system metrics thread
2022-05-09 09:25:50,567 DEBUG   HandlerThread:3726 [handler.py:handle_request():141] handle_request: pause
2022-05-09 09:25:50,567 INFO    HandlerThread:3726 [handler.py:handle_request_pause():695] stopping system metrics thread
2022-05-09 09:25:50,689 DEBUG   SenderThread:3726 [sender.py:send():232] send: stats
2022-05-09 09:26:01,206 DEBUG   HandlerThread:3726 [handler.py:handle_request():141] handle_request: stop_status
2022-05-09 09:26:01,207 DEBUG   SenderThread:3726 [sender.py:send_request():246] send_request: stop_status
2022-05-09 09:26:16,329 DEBUG   HandlerThread:3726 [handler.py:handle_request():141] handle_request: stop_status
2022-05-09 09:26:16,330 DEBUG   SenderThread:3726 [sender.py:send_request():246] send_request: stop_status
2022-05-09 09:26:31,653 DEBUG   HandlerThread:3726 [handler.py:handle_request():141] handle_request: stop_status
2022-05-09 09:26:31,654 DEBUG   SenderThread:3726 [sender.py:send_request():246] send_request: stop_status
2022-05-09 09:26:46,771 DEBUG   HandlerThread:3726 [handler.py:handle_request():141] handle_request: stop_status
2022-05-09 09:26:46,772 DEBUG   SenderThread:3726 [sender.py:send_request():246] send_request: stop_status
2022-05-09 09:27:01,892 DEBUG   HandlerThread:3726 [handler.py:handle_request():141] handle_request: stop_status
2022-05-09 09:27:01,892 DEBUG   SenderThread:3726 [sender.py:send_request():246] send_request: stop_status
2022-05-09 09:27:17,326 DEBUG   HandlerThread:3726 [handler.py:handle_request():141] handle_request: stop_status
2022-05-09 09:27:17,326 DEBUG   SenderThread:3726 [sender.py:send_request():246] send_request: stop_status
2022-05-09 09:27:19,694 DEBUG   HandlerThread:3726 [handler.py:handle_request():141] handle_request: resume
2022-05-09 09:27:19,694 INFO    HandlerThread:3726 [handler.py:handle_request_resume():686] starting system metrics thread
2022-05-09 09:27:23,904 INFO    Thread-7  :3726 [dir_watcher.py:_on_file_modified():257] file/dir modified: /home/ubuntu/NLP-brain-biased-robustness/evaluation/wandb/run-20220509_070414-2m7zexwu/files/output.log
2022-05-09 09:27:25,905 INFO    Thread-7  :3726 [dir_watcher.py:_on_file_modified():257] file/dir modified: /home/ubuntu/NLP-brain-biased-robustness/evaluation/wandb/run-20220509_070414-2m7zexwu/files/output.log
2022-05-09 09:27:27,767 DEBUG   HandlerThread:3726 [handler.py:handle_request():141] handle_request: pause
2022-05-09 09:27:27,767 INFO    HandlerThread:3726 [handler.py:handle_request_pause():695] stopping system metrics thread
2022-05-09 09:27:27,794 DEBUG   SenderThread:3726 [sender.py:send():232] send: stats
2022-05-09 09:27:28,907 INFO    Thread-7  :3726 [dir_watcher.py:_on_file_modified():257] file/dir modified: /home/ubuntu/NLP-brain-biased-robustness/evaluation/wandb/run-20220509_070414-2m7zexwu/files/output.log
2022-05-09 09:27:30,907 INFO    Thread-7  :3726 [dir_watcher.py:_on_file_modified():257] file/dir modified: /home/ubuntu/NLP-brain-biased-robustness/evaluation/wandb/run-20220509_070414-2m7zexwu/files/output.log
2022-05-09 09:27:32,504 DEBUG   HandlerThread:3726 [handler.py:handle_request():141] handle_request: stop_status
2022-05-09 09:27:32,505 DEBUG   SenderThread:3726 [sender.py:send_request():246] send_request: stop_status
2022-05-09 09:27:47,616 DEBUG   HandlerThread:3726 [handler.py:handle_request():141] handle_request: stop_status
2022-05-09 09:27:47,616 DEBUG   SenderThread:3726 [sender.py:send_request():246] send_request: stop_status
2022-05-09 09:28:03,868 DEBUG   HandlerThread:3726 [handler.py:handle_request():141] handle_request: stop_status
2022-05-09 09:28:03,869 DEBUG   SenderThread:3726 [sender.py:send_request():246] send_request: stop_status
2022-05-09 09:28:18,998 DEBUG   HandlerThread:3726 [handler.py:handle_request():141] handle_request: stop_status
2022-05-09 09:28:18,998 DEBUG   SenderThread:3726 [sender.py:send_request():246] send_request: stop_status
2022-05-09 09:28:34,116 DEBUG   HandlerThread:3726 [handler.py:handle_request():141] handle_request: stop_status
2022-05-09 09:28:34,117 DEBUG   SenderThread:3726 [sender.py:send_request():246] send_request: stop_status
2022-05-09 09:28:49,233 DEBUG   HandlerThread:3726 [handler.py:handle_request():141] handle_request: stop_status
2022-05-09 09:28:49,234 DEBUG   SenderThread:3726 [sender.py:send_request():246] send_request: stop_status
2022-05-09 09:29:06,155 DEBUG   HandlerThread:3726 [handler.py:handle_request():141] handle_request: stop_status
2022-05-09 09:29:06,156 DEBUG   SenderThread:3726 [sender.py:send_request():246] send_request: stop_status
2022-05-09 09:29:21,341 DEBUG   HandlerThread:3726 [handler.py:handle_request():141] handle_request: stop_status
2022-05-09 09:29:21,342 DEBUG   SenderThread:3726 [sender.py:send_request():246] send_request: stop_status
2022-05-09 09:29:37,177 DEBUG   HandlerThread:3726 [handler.py:handle_request():141] handle_request: stop_status
2022-05-09 09:29:37,178 DEBUG   SenderThread:3726 [sender.py:send_request():246] send_request: stop_status
2022-05-09 09:29:52,300 DEBUG   HandlerThread:3726 [handler.py:handle_request():141] handle_request: stop_status
2022-05-09 09:29:52,301 DEBUG   SenderThread:3726 [sender.py:send_request():246] send_request: stop_status
2022-05-09 09:30:07,412 DEBUG   HandlerThread:3726 [handler.py:handle_request():141] handle_request: stop_status
2022-05-09 09:30:07,413 DEBUG   SenderThread:3726 [sender.py:send_request():246] send_request: stop_status
2022-05-09 09:30:22,568 DEBUG   HandlerThread:3726 [handler.py:handle_request():141] handle_request: stop_status
2022-05-09 09:30:22,569 DEBUG   SenderThread:3726 [sender.py:send_request():246] send_request: stop_status
2022-05-09 09:30:38,266 DEBUG   HandlerThread:3726 [handler.py:handle_request():141] handle_request: stop_status
2022-05-09 09:30:38,267 DEBUG   SenderThread:3726 [sender.py:send_request():246] send_request: stop_status
2022-05-09 09:30:53,377 DEBUG   HandlerThread:3726 [handler.py:handle_request():141] handle_request: stop_status
2022-05-09 09:30:53,378 DEBUG   SenderThread:3726 [sender.py:send_request():246] send_request: stop_status
2022-05-09 09:31:08,599 DEBUG   HandlerThread:3726 [handler.py:handle_request():141] handle_request: stop_status
2022-05-09 09:31:08,600 DEBUG   SenderThread:3726 [sender.py:send_request():246] send_request: stop_status
2022-05-09 09:31:23,723 DEBUG   HandlerThread:3726 [handler.py:handle_request():141] handle_request: stop_status
2022-05-09 09:31:23,723 DEBUG   SenderThread:3726 [sender.py:send_request():246] send_request: stop_status
2022-05-09 09:31:38,838 DEBUG   HandlerThread:3726 [handler.py:handle_request():141] handle_request: stop_status
2022-05-09 09:31:38,839 DEBUG   SenderThread:3726 [sender.py:send_request():246] send_request: stop_status
2022-05-09 09:31:53,988 DEBUG   HandlerThread:3726 [handler.py:handle_request():141] handle_request: stop_status
2022-05-09 09:31:53,988 DEBUG   SenderThread:3726 [sender.py:send_request():246] send_request: stop_status
2022-05-09 09:32:09,106 DEBUG   HandlerThread:3726 [handler.py:handle_request():141] handle_request: stop_status
2022-05-09 09:32:09,106 DEBUG   SenderThread:3726 [sender.py:send_request():246] send_request: stop_status
2022-05-09 09:32:24,222 DEBUG   HandlerThread:3726 [handler.py:handle_request():141] handle_request: stop_status
2022-05-09 09:32:24,222 DEBUG   SenderThread:3726 [sender.py:send_request():246] send_request: stop_status
2022-05-09 09:32:39,333 DEBUG   HandlerThread:3726 [handler.py:handle_request():141] handle_request: stop_status
2022-05-09 09:32:39,334 DEBUG   SenderThread:3726 [sender.py:send_request():246] send_request: stop_status
2022-05-09 09:32:54,444 DEBUG   HandlerThread:3726 [handler.py:handle_request():141] handle_request: stop_status
2022-05-09 09:32:54,444 DEBUG   SenderThread:3726 [sender.py:send_request():246] send_request: stop_status
2022-05-09 09:33:09,557 DEBUG   HandlerThread:3726 [handler.py:handle_request():141] handle_request: stop_status
2022-05-09 09:33:09,558 DEBUG   SenderThread:3726 [sender.py:send_request():246] send_request: stop_status
2022-05-09 09:33:24,677 DEBUG   HandlerThread:3726 [handler.py:handle_request():141] handle_request: stop_status
2022-05-09 09:33:24,677 DEBUG   SenderThread:3726 [sender.py:send_request():246] send_request: stop_status
2022-05-09 09:33:39,794 DEBUG   HandlerThread:3726 [handler.py:handle_request():141] handle_request: stop_status
2022-05-09 09:33:39,795 DEBUG   SenderThread:3726 [sender.py:send_request():246] send_request: stop_status
2022-05-09 09:33:54,962 DEBUG   HandlerThread:3726 [handler.py:handle_request():141] handle_request: stop_status
2022-05-09 09:33:54,963 DEBUG   SenderThread:3726 [sender.py:send_request():246] send_request: stop_status
2022-05-09 09:34:10,072 DEBUG   HandlerThread:3726 [handler.py:handle_request():141] handle_request: stop_status
2022-05-09 09:34:10,073 DEBUG   SenderThread:3726 [sender.py:send_request():246] send_request: stop_status
2022-05-09 09:34:25,184 DEBUG   HandlerThread:3726 [handler.py:handle_request():141] handle_request: stop_status
2022-05-09 09:34:25,184 DEBUG   SenderThread:3726 [sender.py:send_request():246] send_request: stop_status
2022-05-09 09:34:40,299 DEBUG   HandlerThread:3726 [handler.py:handle_request():141] handle_request: stop_status
2022-05-09 09:34:40,300 DEBUG   SenderThread:3726 [sender.py:send_request():246] send_request: stop_status
2022-05-09 09:34:55,409 DEBUG   HandlerThread:3726 [handler.py:handle_request():141] handle_request: stop_status
2022-05-09 09:34:55,410 DEBUG   SenderThread:3726 [sender.py:send_request():246] send_request: stop_status
2022-05-09 09:35:10,641 DEBUG   HandlerThread:3726 [handler.py:handle_request():141] handle_request: stop_status
2022-05-09 09:35:10,642 DEBUG   SenderThread:3726 [sender.py:send_request():246] send_request: stop_status
2022-05-09 09:35:25,760 DEBUG   HandlerThread:3726 [handler.py:handle_request():141] handle_request: stop_status
2022-05-09 09:35:25,761 DEBUG   SenderThread:3726 [sender.py:send_request():246] send_request: stop_status
2022-05-09 09:35:36,509 WARNING MainThread:3726 [internal.py:wandb_internal():153] Internal process interrupt: 2
2022-05-09 09:35:36,510 ERROR   MainThread:3726 [internal.py:wandb_internal():156] Internal process interrupted.
